This file contains any messages produced by compilers while
running configure, to aid debugging if configure makes a mistake.

It was created by ccrypt configure 1.11, which was
generated by GNU Autoconf 2.69.  Invocation command line was

  $ ./configure 

## --------- ##
## Platform. ##
## --------- ##

hostname = kerouac
uname -m = x86_64
uname -r = 4.15.0-163-generic
uname -s = Linux
uname -v = #171-Ubuntu SMP Fri Nov 5 11:55:11 UTC 2021

/usr/bin/uname -p = unknown
/bin/uname -X     = unknown

/bin/arch              = unknown
/usr/bin/arch -k       = unknown
/usr/convex/getsysinfo = unknown
/usr/bin/hostinfo      = unknown
/bin/machine           = unknown
/usr/bin/oslevel       = unknown
/bin/universe          = unknown

PATH: /home/cae/bin
PATH: /home/cae/.local/bin
PATH: /home/cae/anaconda2/bin
PATH: /usr/local/sbin
PATH: /usr/local/bin
PATH: /usr/sbin
PATH: /usr/bin
PATH: /sbin
PATH: /bin
PATH: /usr/games
PATH: /usr/local/games
PATH: /snap/bin


## ----------- ##
## Core tests. ##
## ----------- ##

configure:2662: checking for a BSD-compatible install
configure:2730: result: /usr/bin/install -c
configure:2741: checking whether build environment is sane
configure:2796: result: yes
configure:2947: checking for a thread-safe mkdir -p
configure:2986: result: /bin/mkdir -p
configure:2993: checking for gawk
configure:3009: found /usr/bin/gawk
configure:3020: result: gawk
configure:3031: checking whether make sets $(MAKE)
configure:3053: result: yes
configure:3082: checking whether make supports nested variables
configure:3099: result: yes
configure:3238: checking for emacs
configure:3254: found /usr/bin/emacs
configure:3265: result: emacs
configure:3289: checking where .elc files should go
configure:3302: $EMACS -batch -Q -eval '(while load-path (princ (concat (car load-path) "\n")) (setq load-path (cdr load-path)))' </dev/null >conftest.out
configure:3305: $? = 0
configure:3318: result: ${datadir}/emacs/site-lisp
configure:3416: checking for gcc
configure:3432: found /usr/bin/gcc
configure:3443: result: gcc
configure:3474: checking for C compiler version
configure:3483: gcc --version >&5
gcc (Ubuntu 7.5.0-3ubuntu1~18.04) 7.5.0
Copyright (C) 2017 Free Software Foundation, Inc.
This is free software; see the source for copying conditions.  There is NO
warranty; not even for MERCHANTABILITY or FITNESS FOR A PARTICULAR PURPOSE.

configure:3494: $? = 0
configure:3483: gcc -v >&5
Using built-in specs.
COLLECT_GCC=gcc
COLLECT_LTO_WRAPPER=/usr/lib/gcc/x86_64-linux-gnu/7/lto-wrapper
OFFLOAD_TARGET_NAMES=nvptx-none
OFFLOAD_TARGET_DEFAULT=1
Target: x86_64-linux-gnu
Configured with: ../src/configure -v --with-pkgversion='Ubuntu 7.5.0-3ubuntu1~18.04' --with-bugurl=file:///usr/share/doc/gcc-7/README.Bugs --enable-languages=c,ada,c++,go,brig,d,fortran,objc,obj-c++ --prefix=/usr --with-gcc-major-version-only --program-suffix=-7 --program-prefix=x86_64-linux-gnu- --enable-shared --enable-linker-build-id --libexecdir=/usr/lib --without-included-gettext --enable-threads=posix --libdir=/usr/lib --enable-nls --enable-bootstrap --enable-clocale=gnu --enable-libstdcxx-debug --enable-libstdcxx-time=yes --with-default-libstdcxx-abi=new --enable-gnu-unique-object --disable-vtable-verify --enable-libmpx --enable-plugin --enable-default-pie --with-system-zlib --with-target-system-zlib --enable-objc-gc=auto --enable-multiarch --disable-werror --with-arch-32=i686 --with-abi=m64 --with-multilib-list=m32,m64,mx32 --enable-multilib --with-tune=generic --enable-offload-targets=nvptx-none --without-cuda-driver --enable-checking=release --build=x86_64-linux-gnu --host=x86_64-linux-gnu --target=x86_64-linux-gnu
Thread model: posix
gcc version 7.5.0 (Ubuntu 7.5.0-3ubuntu1~18.04) 
configure:3494: $? = 0
configure:3483: gcc -V >&5
gcc: error: unrecognized command line option '-V'
gcc: fatal error: no input files
compilation terminated.
configure:3494: $? = 1
configure:3483: gcc -qversion >&5
gcc: error: unrecognized command line option '-qversion'; did you mean '--version'?
gcc: fatal error: no input files
compilation terminated.
configure:3494: $? = 1
configure:3514: checking whether the C compiler works
configure:3536: gcc    conftest.c  >&5
configure:3540: $? = 0
configure:3588: result: yes
configure:3591: checking for C compiler default output file name
configure:3593: result: a.out
configure:3599: checking for suffix of executables
configure:3606: gcc -o conftest    conftest.c  >&5
configure:3610: $? = 0
configure:3632: result: 
configure:3654: checking whether we are cross compiling
configure:3662: gcc -o conftest    conftest.c  >&5
configure:3666: $? = 0
configure:3673: ./conftest
configure:3677: $? = 0
configure:3692: result: no
configure:3697: checking for suffix of object files
configure:3719: gcc -c   conftest.c >&5
configure:3723: $? = 0
configure:3744: result: o
configure:3748: checking whether we are using the GNU C compiler
configure:3767: gcc -c   conftest.c >&5
configure:3767: $? = 0
configure:3776: result: yes
configure:3785: checking whether gcc accepts -g
configure:3805: gcc -c -g  conftest.c >&5
configure:3805: $? = 0
configure:3846: result: yes
configure:3863: checking for gcc option to accept ISO C89
configure:3926: gcc  -c -g -O2  conftest.c >&5
configure:3926: $? = 0
configure:3939: result: none needed
configure:3964: checking whether gcc understands -c and -o together
configure:3986: gcc -c conftest.c -o conftest2.o
configure:3989: $? = 0
configure:3986: gcc -c conftest.c -o conftest2.o
configure:3989: $? = 0
configure:4001: result: yes
configure:4029: checking for style of include used by make
configure:4057: result: GNU
configure:4083: checking dependency style of gcc
configure:4194: result: gcc3
configure:4215: checking how to run the C preprocessor
configure:4246: gcc -E  conftest.c
configure:4246: $? = 0
configure:4260: gcc -E  conftest.c
conftest.c:16:10: fatal error: ac_nonexistent.h: No such file or directory
 #include <ac_nonexistent.h>
          ^~~~~~~~~~~~~~~~~~
compilation terminated.
configure:4260: $? = 1
configure: failed program was:
| /* confdefs.h */
| #define PACKAGE_NAME "ccrypt"
| #define PACKAGE_TARNAME "ccrypt"
| #define PACKAGE_VERSION "1.11"
| #define PACKAGE_STRING "ccrypt 1.11"
| #define PACKAGE_BUGREPORT "selinger at users.sourceforge.net"
| #define PACKAGE_URL ""
| #define PACKAGE "ccrypt"
| #define VERSION "1.11"
| #define NAMECCRYPT "ccrypt"
| #define NAMEENCRYPT "ccencrypt"
| #define NAMEDECRYPT "ccdecrypt"
| #define NAMECAT "ccat"
| #define SUF ".cpt"
| /* end confdefs.h.  */
| #include <ac_nonexistent.h>
configure:4285: result: gcc -E
configure:4305: gcc -E  conftest.c
configure:4305: $? = 0
configure:4319: gcc -E  conftest.c
conftest.c:16:10: fatal error: ac_nonexistent.h: No such file or directory
 #include <ac_nonexistent.h>
          ^~~~~~~~~~~~~~~~~~
compilation terminated.
configure:4319: $? = 1
configure: failed program was:
| /* confdefs.h */
| #define PACKAGE_NAME "ccrypt"
| #define PACKAGE_TARNAME "ccrypt"
| #define PACKAGE_VERSION "1.11"
| #define PACKAGE_STRING "ccrypt 1.11"
| #define PACKAGE_BUGREPORT "selinger at users.sourceforge.net"
| #define PACKAGE_URL ""
| #define PACKAGE "ccrypt"
| #define VERSION "1.11"
| #define NAMECCRYPT "ccrypt"
| #define NAMEENCRYPT "ccencrypt"
| #define NAMEDECRYPT "ccdecrypt"
| #define NAMECAT "ccat"
| #define SUF ".cpt"
| /* end confdefs.h.  */
| #include <ac_nonexistent.h>
configure:4348: checking for grep that handles long lines and -e
configure:4406: result: /bin/grep
configure:4411: checking for egrep
configure:4473: result: /bin/grep -E
configure:4478: checking for ANSI C header files
configure:4498: gcc -c -g -O2  conftest.c >&5
configure:4498: $? = 0
configure:4571: gcc -o conftest -g -O2   conftest.c  >&5
configure:4571: $? = 0
configure:4571: ./conftest
configure:4571: $? = 0
configure:4582: result: yes
configure:4595: checking for sys/types.h
configure:4595: gcc -c -g -O2  conftest.c >&5
configure:4595: $? = 0
configure:4595: result: yes
configure:4595: checking for sys/stat.h
configure:4595: gcc -c -g -O2  conftest.c >&5
configure:4595: $? = 0
configure:4595: result: yes
configure:4595: checking for stdlib.h
configure:4595: gcc -c -g -O2  conftest.c >&5
configure:4595: $? = 0
configure:4595: result: yes
configure:4595: checking for string.h
configure:4595: gcc -c -g -O2  conftest.c >&5
configure:4595: $? = 0
configure:4595: result: yes
configure:4595: checking for memory.h
configure:4595: gcc -c -g -O2  conftest.c >&5
configure:4595: $? = 0
configure:4595: result: yes
configure:4595: checking for strings.h
configure:4595: gcc -c -g -O2  conftest.c >&5
configure:4595: $? = 0
configure:4595: result: yes
configure:4595: checking for inttypes.h
configure:4595: gcc -c -g -O2  conftest.c >&5
configure:4595: $? = 0
configure:4595: result: yes
configure:4595: checking for stdint.h
configure:4595: gcc -c -g -O2  conftest.c >&5
configure:4595: $? = 0
configure:4595: result: yes
configure:4595: checking for unistd.h
configure:4595: gcc -c -g -O2  conftest.c >&5
configure:4595: $? = 0
configure:4595: result: yes
configure:4608: checking minix/config.h usability
configure:4608: gcc -c -g -O2  conftest.c >&5
conftest.c:59:10: fatal error: minix/config.h: No such file or directory
 #include <minix/config.h>
          ^~~~~~~~~~~~~~~~
compilation terminated.
configure:4608: $? = 1
configure: failed program was:
| /* confdefs.h */
| #define PACKAGE_NAME "ccrypt"
| #define PACKAGE_TARNAME "ccrypt"
| #define PACKAGE_VERSION "1.11"
| #define PACKAGE_STRING "ccrypt 1.11"
| #define PACKAGE_BUGREPORT "selinger at users.sourceforge.net"
| #define PACKAGE_URL ""
| #define PACKAGE "ccrypt"
| #define VERSION "1.11"
| #define NAMECCRYPT "ccrypt"
| #define NAMEENCRYPT "ccencrypt"
| #define NAMEDECRYPT "ccdecrypt"
| #define NAMECAT "ccat"
| #define SUF ".cpt"
| #define STDC_HEADERS 1
| #define HAVE_SYS_TYPES_H 1
| #define HAVE_SYS_STAT_H 1
| #define HAVE_STDLIB_H 1
| #define HAVE_STRING_H 1
| #define HAVE_MEMORY_H 1
| #define HAVE_STRINGS_H 1
| #define HAVE_INTTYPES_H 1
| #define HAVE_STDINT_H 1
| #define HAVE_UNISTD_H 1
| /* end confdefs.h.  */
| #include <stdio.h>
| #ifdef HAVE_SYS_TYPES_H
| # include <sys/types.h>
| #endif
| #ifdef HAVE_SYS_STAT_H
| # include <sys/stat.h>
| #endif
| #ifdef STDC_HEADERS
| # include <stdlib.h>
| # include <stddef.h>
| #else
| # ifdef HAVE_STDLIB_H
| #  include <stdlib.h>
| # endif
| #endif
| #ifdef HAVE_STRING_H
| # if !defined STDC_HEADERS && defined HAVE_MEMORY_H
| #  include <memory.h>
| # endif
| # include <string.h>
| #endif
| #ifdef HAVE_STRINGS_H
| # include <strings.h>
| #endif
| #ifdef HAVE_INTTYPES_H
| # include <inttypes.h>
| #endif
| #ifdef HAVE_STDINT_H
| # include <stdint.h>
| #endif
| #ifdef HAVE_UNISTD_H
| # include <unistd.h>
| #endif
| #include <minix/config.h>
configure:4608: result: no
configure:4608: checking minix/config.h presence
configure:4608: gcc -E  conftest.c
conftest.c:26:10: fatal error: minix/config.h: No such file or directory
 #include <minix/config.h>
          ^~~~~~~~~~~~~~~~
compilation terminated.
configure:4608: $? = 1
configure: failed program was:
| /* confdefs.h */
| #define PACKAGE_NAME "ccrypt"
| #define PACKAGE_TARNAME "ccrypt"
| #define PACKAGE_VERSION "1.11"
| #define PACKAGE_STRING "ccrypt 1.11"
| #define PACKAGE_BUGREPORT "selinger at users.sourceforge.net"
| #define PACKAGE_URL ""
| #define PACKAGE "ccrypt"
| #define VERSION "1.11"
| #define NAMECCRYPT "ccrypt"
| #define NAMEENCRYPT "ccencrypt"
| #define NAMEDECRYPT "ccdecrypt"
| #define NAMECAT "ccat"
| #define SUF ".cpt"
| #define STDC_HEADERS 1
| #define HAVE_SYS_TYPES_H 1
| #define HAVE_SYS_STAT_H 1
| #define HAVE_STDLIB_H 1
| #define HAVE_STRING_H 1
| #define HAVE_MEMORY_H 1
| #define HAVE_STRINGS_H 1
| #define HAVE_INTTYPES_H 1
| #define HAVE_STDINT_H 1
| #define HAVE_UNISTD_H 1
| /* end confdefs.h.  */
| #include <minix/config.h>
configure:4608: result: no
configure:4608: checking for minix/config.h
configure:4608: result: no
configure:4629: checking whether it is safe to define __EXTENSIONS__
configure:4647: gcc -c -g -O2  conftest.c >&5
configure:4647: $? = 0
configure:4654: result: yes
configure:4671: checking what compiler options to use
configure:4673: result:  -g -O2
configure:4681: checking for gtar
configure:4711: result: no
configure:4729: checking for special C compiler options needed for large files
configure:4774: result: no
configure:4780: checking for _FILE_OFFSET_BITS value needed for large files
configure:4805: gcc -c -g -O2  conftest.c >&5
configure:4805: $? = 0
configure:4837: result: no
configure:4941: checking for crypt in -lcrypt
configure:4966: gcc -o conftest -g -O2   conftest.c -lcrypt   >&5
configure:4966: $? = 0
configure:4975: result: yes
configure:4992: checking for gethostname in -lsocket
configure:5017: gcc -o conftest -g -O2   conftest.c -lsocket  -lcrypt  >&5
/usr/bin/ld: cannot find -lsocket
collect2: error: ld returned 1 exit status
configure:5017: $? = 1
configure: failed program was:
| /* confdefs.h */
| #define PACKAGE_NAME "ccrypt"
| #define PACKAGE_TARNAME "ccrypt"
| #define PACKAGE_VERSION "1.11"
| #define PACKAGE_STRING "ccrypt 1.11"
| #define PACKAGE_BUGREPORT "selinger at users.sourceforge.net"
| #define PACKAGE_URL ""
| #define PACKAGE "ccrypt"
| #define VERSION "1.11"
| #define NAMECCRYPT "ccrypt"
| #define NAMEENCRYPT "ccencrypt"
| #define NAMEDECRYPT "ccdecrypt"
| #define NAMECAT "ccat"
| #define SUF ".cpt"
| #define STDC_HEADERS 1
| #define HAVE_SYS_TYPES_H 1
| #define HAVE_SYS_STAT_H 1
| #define HAVE_STDLIB_H 1
| #define HAVE_STRING_H 1
| #define HAVE_MEMORY_H 1
| #define HAVE_STRINGS_H 1
| #define HAVE_INTTYPES_H 1
| #define HAVE_STDINT_H 1
| #define HAVE_UNISTD_H 1
| #define __EXTENSIONS__ 1
| #define _ALL_SOURCE 1
| #define _GNU_SOURCE 1
| #define _POSIX_PTHREAD_SEMANTICS 1
| #define _TANDEM_SOURCE 1
| #define HAVE_LIBCRYPT 1
| /* end confdefs.h.  */
| 
| /* Override any GCC internal prototype to avoid an error.
|    Use char because int might match the return type of a GCC
|    builtin and then its argument prototype would still apply.  */
| #ifdef __cplusplus
| extern "C"
| #endif
| char gethostname ();
| int
| main ()
| {
| return gethostname ();
|   ;
|   return 0;
| }
configure:5026: result: no
configure:5041: checking for stdint.h
configure:5041: result: yes
configure:5041: checking crypt.h usability
configure:5041: gcc -c -g -O2  conftest.c >&5
configure:5041: $? = 0
configure:5041: result: yes
configure:5041: checking crypt.h presence
configure:5041: gcc -E  conftest.c
configure:5041: $? = 0
configure:5041: result: yes
configure:5041: checking for crypt.h
configure:5041: result: yes
configure:5053: checking for getopt_long
configure:5053: gcc -o conftest -g -O2   conftest.c -lcrypt  >&5
configure:5053: $? = 0
configure:5053: result: yes
configure:5061: checking whether getopt_long reorders its arguments
configure:5087: gcc -o conftest -g -O2   conftest.c -lcrypt  >&5
configure:5087: $? = 0
configure:5087: ./conftest
configure:5087: $? = 0
configure:5088: result: yes
configure:5108: checking whether to use included getopt
configure:5116: result: no
configure:5124: checking size of unsigned int
configure:5129: gcc -o conftest -g -O2   conftest.c -lcrypt  >&5
configure:5129: $? = 0
configure:5129: ./conftest
configure:5129: $? = 0
configure:5143: result: 4
configure:5157: checking size of unsigned long
configure:5162: gcc -o conftest -g -O2   conftest.c -lcrypt  >&5
configure:5162: $? = 0
configure:5162: ./conftest
configure:5162: $? = 0
configure:5176: result: 8
configure:5187: checking for 32 bit unsigned integer type
configure:5196: result: unsigned int
configure:5213: checking for a sed that does not truncate output
configure:5277: result: /bin/sed
configure:5283: checking whether NLS is requested
configure:5292: result: yes
configure:5332: checking for msgfmt
configure: trying /usr/bin/msgfmt...
0 translated messages.
configure:5364: result: /usr/bin/msgfmt
configure:5373: checking for gmsgfmt
configure:5404: result: /usr/bin/msgfmt
configure:5454: checking for xgettext
configure: trying /usr/bin/xgettext...
/usr/bin/xgettext: warning: file '/dev/null' extension '' is unknown; will try C
configure:5486: result: /usr/bin/xgettext
configure:5531: checking for msgmerge
configure: trying /usr/bin/msgmerge...
configure:5562: result: /usr/bin/msgmerge
configure:5583: checking build system type
configure:5597: result: x86_64-pc-linux-gnu
configure:5617: checking host system type
configure:5630: result: x86_64-pc-linux-gnu
configure:5651: checking whether we are using the GNU C Library 2 or newer
configure:5678: result: yes
configure:5727: checking for ranlib
configure:5743: found /usr/bin/ranlib
configure:5754: result: ranlib
configure:5781: checking whether the -Werror option is usable
configure:5800: gcc -c -g -O2 -Werror  conftest.c >&5
configure:5800: $? = 0
configure:5809: result: yes
configure:5811: checking for simple visibility declarations
configure:5838: gcc -c -g -O2 -fvisibility=hidden -Werror  conftest.c >&5
configure:5838: $? = 0
configure:5847: result: yes
configure:5862: checking for inline
configure:5878: gcc -c -g -O2  conftest.c >&5
configure:5878: $? = 0
configure:5886: result: inline
configure:5904: checking for size_t
configure:5904: gcc -c -g -O2  conftest.c >&5
configure:5904: $? = 0
configure:5904: gcc -c -g -O2  conftest.c >&5
conftest.c: In function 'main':
conftest.c:75:21: error: expected expression before ')' token
 if (sizeof ((size_t)))
                     ^
configure:5904: $? = 1
configure: failed program was:
| /* confdefs.h */
| #define PACKAGE_NAME "ccrypt"
| #define PACKAGE_TARNAME "ccrypt"
| #define PACKAGE_VERSION "1.11"
| #define PACKAGE_STRING "ccrypt 1.11"
| #define PACKAGE_BUGREPORT "selinger at users.sourceforge.net"
| #define PACKAGE_URL ""
| #define PACKAGE "ccrypt"
| #define VERSION "1.11"
| #define NAMECCRYPT "ccrypt"
| #define NAMEENCRYPT "ccencrypt"
| #define NAMEDECRYPT "ccdecrypt"
| #define NAMECAT "ccat"
| #define SUF ".cpt"
| #define STDC_HEADERS 1
| #define HAVE_SYS_TYPES_H 1
| #define HAVE_SYS_STAT_H 1
| #define HAVE_STDLIB_H 1
| #define HAVE_STRING_H 1
| #define HAVE_MEMORY_H 1
| #define HAVE_STRINGS_H 1
| #define HAVE_INTTYPES_H 1
| #define HAVE_STDINT_H 1
| #define HAVE_UNISTD_H 1
| #define __EXTENSIONS__ 1
| #define _ALL_SOURCE 1
| #define _GNU_SOURCE 1
| #define _POSIX_PTHREAD_SEMANTICS 1
| #define _TANDEM_SOURCE 1
| #define HAVE_LIBCRYPT 1
| #define HAVE_STDINT_H 1
| #define HAVE_CRYPT_H 1
| #define SIZEOF_UNSIGNED_INT 4
| #define SIZEOF_UNSIGNED_LONG 8
| #define UINT32_TYPE unsigned int
| #define GETTEXT_PACKAGE "ccrypt"
| #define HAVE_VISIBILITY 1
| /* end confdefs.h.  */
| #include <stdio.h>
| #ifdef HAVE_SYS_TYPES_H
| # include <sys/types.h>
| #endif
| #ifdef HAVE_SYS_STAT_H
| # include <sys/stat.h>
| #endif
| #ifdef STDC_HEADERS
| # include <stdlib.h>
| # include <stddef.h>
| #else
| # ifdef HAVE_STDLIB_H
| #  include <stdlib.h>
| # endif
| #endif
| #ifdef HAVE_STRING_H
| # if !defined STDC_HEADERS && defined HAVE_MEMORY_H
| #  include <memory.h>
| # endif
| # include <string.h>
| #endif
| #ifdef HAVE_STRINGS_H
| # include <strings.h>
| #endif
| #ifdef HAVE_INTTYPES_H
| # include <inttypes.h>
| #endif
| #ifdef HAVE_STDINT_H
| # include <stdint.h>
| #endif
| #ifdef HAVE_UNISTD_H
| # include <unistd.h>
| #endif
| int
| main ()
| {
| if (sizeof ((size_t)))
| 	    return 0;
|   ;
|   return 0;
| }
configure:5904: result: yes
configure:5916: checking for stdint.h
configure:5933: gcc -c -g -O2  conftest.c >&5
configure:5933: $? = 0
configure:5940: result: yes
configure:5952: checking for working alloca.h
configure:5969: gcc -o conftest -g -O2   conftest.c -lcrypt  >&5
configure:5969: $? = 0
configure:5977: result: yes
configure:5985: checking for alloca
configure:6022: gcc -o conftest -g -O2   conftest.c -lcrypt  >&5
configure:6022: $? = 0
configure:6030: result: yes
configure:6142: checking for stdlib.h
configure:6142: result: yes
configure:6142: checking for unistd.h
configure:6142: result: yes
configure:6142: checking for sys/param.h
configure:6142: gcc -c -g -O2  conftest.c >&5
configure:6142: $? = 0
configure:6142: result: yes
configure:6162: checking for getpagesize
configure:6162: gcc -o conftest -g -O2   conftest.c -lcrypt  >&5
configure:6162: $? = 0
configure:6162: result: yes
configure:6171: checking for working mmap
configure:6320: gcc -o conftest -g -O2   conftest.c -lcrypt  >&5
configure:6320: $? = 0
configure:6320: ./conftest
configure:6320: $? = 0
configure:6330: result: yes
configure:6341: checking whether integer division by zero raises SIGFPE
configure:6407: gcc -o conftest -g -O2   conftest.c -lcrypt  >&5
conftest.c: In function 'sigfpe_handler':
conftest.c:55:3: warning: implicit declaration of function '_exit' [-Wimplicit-function-declaration]
   _exit (sig != SIGFPE);
   ^~~~~
conftest.c:55:3: warning: incompatible implicit declaration of built-in function '_exit'
conftest.c: At top level:
conftest.c:61:5: warning: built-in function 'nan' declared as non-function
 int nan;
     ^~~
configure:6407: $? = 0
configure:6407: ./conftest
configure:6407: $? = 0
configure:6419: result: yes
configure:6432: checking for inttypes.h
configure:6451: gcc -c -g -O2  conftest.c >&5
configure:6451: $? = 0
configure:6458: result: yes
configure:6469: checking for unsigned long long int
configure:6508: gcc -o conftest -g -O2   conftest.c -lcrypt  >&5
configure:6508: $? = 0
configure:6517: result: yes
configure:6547: checking for inttypes.h
configure:6547: result: yes
configure:6558: checking whether the inttypes.h PRIxNN macros are broken
configure:6580: gcc -c -g -O2  conftest.c >&5
configure:6580: $? = 0
configure:6588: result: no
configure:6695: checking for ld used by gcc
configure:6762: result: /usr/bin/ld
configure:6769: checking if the linker (/usr/bin/ld) is GNU ld
configure:6784: result: yes
configure:6791: checking for shared library run path origin
configure:6804: result: done
configure:6894: checking whether imported symbols can be declared weak
configure:6912: gcc -o conftest -g -O2   conftest.c -lcrypt  >&5
configure:6912: $? = 0
configure:6946: gcc -o conftest -g -O2   conftest.c -lcrypt  >&5
configure:6946: $? = 0
configure:6946: ./conftest
configure:6946: $? = 0
configure:6958: result: yes
configure:6963: checking pthread.h usability
configure:6963: gcc -c -g -O2  conftest.c >&5
configure:6963: $? = 0
configure:6963: result: yes
configure:6963: checking pthread.h presence
configure:6963: gcc -E  conftest.c
configure:6963: $? = 0
configure:6963: result: yes
configure:6963: checking for pthread.h
configure:6963: result: yes
configure:7001: gcc -o conftest -g -O2   conftest.c -lcrypt   >&5
/tmp/ccghd0ne.o: In function `main':
/home/cae/Projects/ccrypt-1.11/conftest.c:60: undefined reference to `pthread_mutexattr_init'
collect2: error: ld returned 1 exit status
configure:7001: $? = 1
configure: failed program was:
| /* confdefs.h */
| #define PACKAGE_NAME "ccrypt"
| #define PACKAGE_TARNAME "ccrypt"
| #define PACKAGE_VERSION "1.11"
| #define PACKAGE_STRING "ccrypt 1.11"
| #define PACKAGE_BUGREPORT "selinger at users.sourceforge.net"
| #define PACKAGE_URL ""
| #define PACKAGE "ccrypt"
| #define VERSION "1.11"
| #define NAMECCRYPT "ccrypt"
| #define NAMEENCRYPT "ccencrypt"
| #define NAMEDECRYPT "ccdecrypt"
| #define NAMECAT "ccat"
| #define SUF ".cpt"
| #define STDC_HEADERS 1
| #define HAVE_SYS_TYPES_H 1
| #define HAVE_SYS_STAT_H 1
| #define HAVE_STDLIB_H 1
| #define HAVE_STRING_H 1
| #define HAVE_MEMORY_H 1
| #define HAVE_STRINGS_H 1
| #define HAVE_INTTYPES_H 1
| #define HAVE_STDINT_H 1
| #define HAVE_UNISTD_H 1
| #define __EXTENSIONS__ 1
| #define _ALL_SOURCE 1
| #define _GNU_SOURCE 1
| #define _POSIX_PTHREAD_SEMANTICS 1
| #define _TANDEM_SOURCE 1
| #define HAVE_LIBCRYPT 1
| #define HAVE_STDINT_H 1
| #define HAVE_CRYPT_H 1
| #define SIZEOF_UNSIGNED_INT 4
| #define SIZEOF_UNSIGNED_LONG 8
| #define UINT32_TYPE unsigned int
| #define GETTEXT_PACKAGE "ccrypt"
| #define HAVE_VISIBILITY 1
| #define HAVE_STDINT_H_WITH_UINTMAX 1
| #define HAVE_ALLOCA_H 1
| #define HAVE_ALLOCA 1
| #define HAVE_STDLIB_H 1
| #define HAVE_UNISTD_H 1
| #define HAVE_SYS_PARAM_H 1
| #define HAVE_GETPAGESIZE 1
| #define HAVE_MMAP 1
| #define INTDIV0_RAISES_SIGFPE 1
| #define HAVE_INTTYPES_H_WITH_UINTMAX 1
| #define HAVE_UNSIGNED_LONG_LONG_INT 1
| #define HAVE_UINTMAX_T 1
| #define HAVE_INTTYPES_H 1
| /* end confdefs.h.  */
| #include <pthread.h>
|                  pthread_mutex_t m;
|                  pthread_mutexattr_t ma;
| 
| int
| main ()
| {
| pthread_mutex_lock (&m);
|                  pthread_mutexattr_init (&ma);
|   ;
|   return 0;
| }
configure:7001: gcc -o conftest -g -O2   conftest.c -lcrypt  -pthread >&5
configure:7001: $? = 0
configure:7794: checking for multithread API to use
configure:7796: result: posix
configure:7812: checking for pthread_rwlock_t
configure:7812: gcc -c -g -O2  conftest.c >&5
configure:7812: $? = 0
configure:7812: gcc -c -g -O2  conftest.c >&5
conftest.c: In function 'main':
conftest.c:59:31: error: expected expression before ')' token
 if (sizeof ((pthread_rwlock_t)))
                               ^
configure:7812: $? = 1
configure: failed program was:
| /* confdefs.h */
| #define PACKAGE_NAME "ccrypt"
| #define PACKAGE_TARNAME "ccrypt"
| #define PACKAGE_VERSION "1.11"
| #define PACKAGE_STRING "ccrypt 1.11"
| #define PACKAGE_BUGREPORT "selinger at users.sourceforge.net"
| #define PACKAGE_URL ""
| #define PACKAGE "ccrypt"
| #define VERSION "1.11"
| #define NAMECCRYPT "ccrypt"
| #define NAMEENCRYPT "ccencrypt"
| #define NAMEDECRYPT "ccdecrypt"
| #define NAMECAT "ccat"
| #define SUF ".cpt"
| #define STDC_HEADERS 1
| #define HAVE_SYS_TYPES_H 1
| #define HAVE_SYS_STAT_H 1
| #define HAVE_STDLIB_H 1
| #define HAVE_STRING_H 1
| #define HAVE_MEMORY_H 1
| #define HAVE_STRINGS_H 1
| #define HAVE_INTTYPES_H 1
| #define HAVE_STDINT_H 1
| #define HAVE_UNISTD_H 1
| #define __EXTENSIONS__ 1
| #define _ALL_SOURCE 1
| #define _GNU_SOURCE 1
| #define _POSIX_PTHREAD_SEMANTICS 1
| #define _TANDEM_SOURCE 1
| #define HAVE_LIBCRYPT 1
| #define HAVE_STDINT_H 1
| #define HAVE_CRYPT_H 1
| #define SIZEOF_UNSIGNED_INT 4
| #define SIZEOF_UNSIGNED_LONG 8
| #define UINT32_TYPE unsigned int
| #define GETTEXT_PACKAGE "ccrypt"
| #define HAVE_VISIBILITY 1
| #define HAVE_STDINT_H_WITH_UINTMAX 1
| #define HAVE_ALLOCA_H 1
| #define HAVE_ALLOCA 1
| #define HAVE_STDLIB_H 1
| #define HAVE_UNISTD_H 1
| #define HAVE_SYS_PARAM_H 1
| #define HAVE_GETPAGESIZE 1
| #define HAVE_MMAP 1
| #define INTDIV0_RAISES_SIGFPE 1
| #define HAVE_INTTYPES_H_WITH_UINTMAX 1
| #define HAVE_UNSIGNED_LONG_LONG_INT 1
| #define HAVE_UINTMAX_T 1
| #define HAVE_INTTYPES_H 1
| #define USE_POSIX_THREADS 1
| #define USE_POSIX_THREADS_WEAK 1
| /* end confdefs.h.  */
| #include <pthread.h>
| 
| int
| main ()
| {
| if (sizeof ((pthread_rwlock_t)))
| 	    return 0;
|   ;
|   return 0;
| }
configure:7812: result: yes
configure:7843: gcc -c -g -O2  conftest.c >&5
configure:7843: $? = 0
configure:8348: checking for iconv
configure:8372: gcc -o conftest -g -O2   conftest.c -lcrypt  >&5
configure:8372: $? = 0
configure:8406: result: yes
configure:8409: checking for working iconv
configure:8538: gcc -o conftest -g -O2   conftest.c -lcrypt  >&5
configure:8538: $? = 0
configure:8538: ./conftest
configure:8538: $? = 0
configure:8550: result: yes
configure:8578: checking for iconv declaration
configure:8607: gcc -c -g -O2  conftest.c >&5
configure:8607: $? = 0
configure:8618: result:
         extern size_t iconv (iconv_t cd, char * *inbuf, size_t *inbytesleft, char * *outbuf, size_t *outbytesleft);
configure:8643: gcc -o conftest -g -O2   conftest.c -lcrypt  >&5
configure:8643: $? = 0
configure:8654: checking argz.h usability
configure:8654: gcc -c -g -O2  conftest.c >&5
configure:8654: $? = 0
configure:8654: result: yes
configure:8654: checking argz.h presence
configure:8654: gcc -E  conftest.c
configure:8654: $? = 0
configure:8654: result: yes
configure:8654: checking for argz.h
configure:8654: result: yes
configure:8654: checking for inttypes.h
configure:8654: result: yes
configure:8654: checking limits.h usability
configure:8654: gcc -c -g -O2  conftest.c >&5
configure:8654: $? = 0
configure:8654: result: yes
configure:8654: checking limits.h presence
configure:8654: gcc -E  conftest.c
configure:8654: $? = 0
configure:8654: result: yes
configure:8654: checking for limits.h
configure:8654: result: yes
configure:8654: checking for unistd.h
configure:8654: result: yes
configure:8654: checking for sys/param.h
configure:8654: result: yes
configure:8669: checking for getcwd
configure:8669: gcc -o conftest -g -O2   conftest.c -lcrypt  >&5
configure:8669: $? = 0
configure:8669: result: yes
configure:8669: checking for getegid
configure:8669: gcc -o conftest -g -O2   conftest.c -lcrypt  >&5
configure:8669: $? = 0
configure:8669: result: yes
configure:8669: checking for geteuid
configure:8669: gcc -o conftest -g -O2   conftest.c -lcrypt  >&5
configure:8669: $? = 0
configure:8669: result: yes
configure:8669: checking for getgid
configure:8669: gcc -o conftest -g -O2   conftest.c -lcrypt  >&5
configure:8669: $? = 0
configure:8669: result: yes
configure:8669: checking for getuid
configure:8669: gcc -o conftest -g -O2   conftest.c -lcrypt  >&5
configure:8669: $? = 0
configure:8669: result: yes
configure:8669: checking for mempcpy
configure:8669: gcc -o conftest -g -O2   conftest.c -lcrypt  >&5
conftest.c:92:6: warning: conflicting types for built-in function 'mempcpy' [-Wbuiltin-declaration-mismatch]
 char mempcpy ();
      ^~~~~~~
configure:8669: $? = 0
configure:8669: result: yes
configure:8669: checking for munmap
configure:8669: gcc -o conftest -g -O2   conftest.c -lcrypt  >&5
configure:8669: $? = 0
configure:8669: result: yes
configure:8669: checking for stpcpy
configure:8669: gcc -o conftest -g -O2   conftest.c -lcrypt  >&5
conftest.c:94:6: warning: conflicting types for built-in function 'stpcpy' [-Wbuiltin-declaration-mismatch]
 char stpcpy ();
      ^~~~~~
configure:8669: $? = 0
configure:8669: result: yes
configure:8669: checking for strcasecmp
configure:8669: gcc -o conftest -g -O2   conftest.c -lcrypt  >&5
conftest.c:95:6: warning: conflicting types for built-in function 'strcasecmp' [-Wbuiltin-declaration-mismatch]
 char strcasecmp ();
      ^~~~~~~~~~
configure:8669: $? = 0
configure:8669: result: yes
configure:8669: checking for strdup
configure:8669: gcc -o conftest -g -O2   conftest.c -lcrypt  >&5
conftest.c:96:6: warning: conflicting types for built-in function 'strdup' [-Wbuiltin-declaration-mismatch]
 char strdup ();
      ^~~~~~
configure:8669: $? = 0
configure:8669: result: yes
configure:8669: checking for strtoul
configure:8669: gcc -o conftest -g -O2   conftest.c -lcrypt  >&5
configure:8669: $? = 0
configure:8669: result: yes
configure:8669: checking for tsearch
configure:8669: gcc -o conftest -g -O2   conftest.c -lcrypt  >&5
configure:8669: $? = 0
configure:8669: result: yes
configure:8669: checking for uselocale
configure:8669: gcc -o conftest -g -O2   conftest.c -lcrypt  >&5
configure:8669: $? = 0
configure:8669: result: yes
configure:8669: checking for argz_count
configure:8669: gcc -o conftest -g -O2   conftest.c -lcrypt  >&5
configure:8669: $? = 0
configure:8669: result: yes
configure:8669: checking for argz_stringify
configure:8669: gcc -o conftest -g -O2   conftest.c -lcrypt  >&5
configure:8669: $? = 0
configure:8669: result: yes
configure:8669: checking for argz_next
configure:8669: gcc -o conftest -g -O2   conftest.c -lcrypt  >&5
configure:8669: $? = 0
configure:8669: result: yes
configure:8669: checking for __fsetlocking
configure:8669: gcc -o conftest -g -O2   conftest.c -lcrypt  >&5
configure:8669: $? = 0
configure:8669: result: yes
configure:8682: checking for getlocalename_l
configure:8682: gcc -o conftest -g -O2   conftest.c -lcrypt  >&5
/tmp/ccBaNN26.o: In function `main':
/home/cae/Projects/ccrypt-1.11/conftest.c:115: undefined reference to `getlocalename_l'
collect2: error: ld returned 1 exit status
configure:8682: $? = 1
configure: failed program was:
| /* confdefs.h */
| #define PACKAGE_NAME "ccrypt"
| #define PACKAGE_TARNAME "ccrypt"
| #define PACKAGE_VERSION "1.11"
| #define PACKAGE_STRING "ccrypt 1.11"
| #define PACKAGE_BUGREPORT "selinger at users.sourceforge.net"
| #define PACKAGE_URL ""
| #define PACKAGE "ccrypt"
| #define VERSION "1.11"
| #define NAMECCRYPT "ccrypt"
| #define NAMEENCRYPT "ccencrypt"
| #define NAMEDECRYPT "ccdecrypt"
| #define NAMECAT "ccat"
| #define SUF ".cpt"
| #define STDC_HEADERS 1
| #define HAVE_SYS_TYPES_H 1
| #define HAVE_SYS_STAT_H 1
| #define HAVE_STDLIB_H 1
| #define HAVE_STRING_H 1
| #define HAVE_MEMORY_H 1
| #define HAVE_STRINGS_H 1
| #define HAVE_INTTYPES_H 1
| #define HAVE_STDINT_H 1
| #define HAVE_UNISTD_H 1
| #define __EXTENSIONS__ 1
| #define _ALL_SOURCE 1
| #define _GNU_SOURCE 1
| #define _POSIX_PTHREAD_SEMANTICS 1
| #define _TANDEM_SOURCE 1
| #define HAVE_LIBCRYPT 1
| #define HAVE_STDINT_H 1
| #define HAVE_CRYPT_H 1
| #define SIZEOF_UNSIGNED_INT 4
| #define SIZEOF_UNSIGNED_LONG 8
| #define UINT32_TYPE unsigned int
| #define GETTEXT_PACKAGE "ccrypt"
| #define HAVE_VISIBILITY 1
| #define HAVE_STDINT_H_WITH_UINTMAX 1
| #define HAVE_ALLOCA_H 1
| #define HAVE_ALLOCA 1
| #define HAVE_STDLIB_H 1
| #define HAVE_UNISTD_H 1
| #define HAVE_SYS_PARAM_H 1
| #define HAVE_GETPAGESIZE 1
| #define HAVE_MMAP 1
| #define INTDIV0_RAISES_SIGFPE 1
| #define HAVE_INTTYPES_H_WITH_UINTMAX 1
| #define HAVE_UNSIGNED_LONG_LONG_INT 1
| #define HAVE_UINTMAX_T 1
| #define HAVE_INTTYPES_H 1
| #define USE_POSIX_THREADS 1
| #define USE_POSIX_THREADS_WEAK 1
| #define HAVE_PTHREAD_RWLOCK 1
| #define HAVE_PTHREAD_MUTEX_RECURSIVE 1
| #define HAVE_ICONV 1
| #define ICONV_CONST 
| #define HAVE_BUILTIN_EXPECT 1
| #define HAVE_ARGZ_H 1
| #define HAVE_INTTYPES_H 1
| #define HAVE_LIMITS_H 1
| #define HAVE_UNISTD_H 1
| #define HAVE_SYS_PARAM_H 1
| #define HAVE_GETCWD 1
| #define HAVE_GETEGID 1
| #define HAVE_GETEUID 1
| #define HAVE_GETGID 1
| #define HAVE_GETUID 1
| #define HAVE_MEMPCPY 1
| #define HAVE_MUNMAP 1
| #define HAVE_STPCPY 1
| #define HAVE_STRCASECMP 1
| #define HAVE_STRDUP 1
| #define HAVE_STRTOUL 1
| #define HAVE_TSEARCH 1
| #define HAVE_USELOCALE 1
| #define HAVE_ARGZ_COUNT 1
| #define HAVE_ARGZ_STRINGIFY 1
| #define HAVE_ARGZ_NEXT 1
| #define HAVE___FSETLOCKING 1
| /* end confdefs.h.  */
| /* Define getlocalename_l to an innocuous variant, in case <limits.h> declares getlocalename_l.
|    For example, HP-UX 11i <limits.h> declares gettimeofday.  */
| #define getlocalename_l innocuous_getlocalename_l
| 
| /* System header to define __stub macros and hopefully few prototypes,
|     which can conflict with char getlocalename_l (); below.
|     Prefer <limits.h> to <assert.h> if __STDC__ is defined, since
|     <limits.h> exists even on freestanding compilers.  */
| 
| #ifdef __STDC__
| # include <limits.h>
| #else
| # include <assert.h>
| #endif
| 
| #undef getlocalename_l
| 
| /* Override any GCC internal prototype to avoid an error.
|    Use char because int might match the return type of a GCC
|    builtin and then its argument prototype would still apply.  */
| #ifdef __cplusplus
| extern "C"
| #endif
| char getlocalename_l ();
| /* The GNU C library defines this for functions which it implements
|     to always fail with ENOSYS.  Some functions are actually named
|     something starting with __ and the normal name is an alias.  */
| #if defined __stub_getlocalename_l || defined __stub___getlocalename_l
| choke me
| #endif
| 
| int
| main ()
| {
| return getlocalename_l ();
|   ;
|   return 0;
| }
configure:8682: result: no
configure:8693: checking whether feof_unlocked is declared
configure:8693: gcc -c -g -O2  conftest.c >&5
configure:8693: $? = 0
configure:8693: result: yes
configure:8704: checking whether fgets_unlocked is declared
configure:8704: gcc -c -g -O2  conftest.c >&5
configure:8704: $? = 0
configure:8704: result: yes
configure:8723: checking for bison
configure:8739: found /usr/bin/bison
configure:8750: result: bison
configure:8764: checking version of bison
configure:8773: result: 3.0.4, ok
configure:8782: checking for long long int
configure:8820: gcc -o conftest -g -O2   conftest.c -lcrypt  >&5
configure:8820: $? = 0
configure:8820: ./conftest
configure:8820: $? = 0
configure:8832: result: yes
configure:8841: checking for wchar_t
configure:8858: gcc -c -g -O2  conftest.c >&5
configure:8858: $? = 0
configure:8865: result: yes
configure:8874: checking for wint_t
configure:8899: gcc -c -g -O2  conftest.c >&5
configure:8899: $? = 0
configure:8906: result: yes
configure:8917: checking for intmax_t
configure:8943: gcc -c -g -O2  conftest.c >&5
configure:8943: $? = 0
configure:8950: result: yes
configure:8960: checking whether printf() supports POSIX/XSI format strings
configure:9001: gcc -o conftest -g -O2   conftest.c -lcrypt  >&5
configure:9001: $? = 0
configure:9001: ./conftest
configure:9001: $? = 0
configure:9012: result: yes
configure:9023: checking whether we are using the GNU C Library >= 2.1 or uClibc
configure:9053: result: yes
configure:9062: checking for stdint.h
configure:9062: result: yes
configure:9072: checking for SIZE_MAX
configure:9143: result: yes
configure:9158: checking for stdint.h
configure:9158: result: yes
configure:9175: checking for symlink
configure:9175: gcc -o conftest -g -O2   conftest.c -lcrypt  >&5
configure:9175: $? = 0
configure:9175: result: yes
configure:9191: checking for working fcntl.h
configure:9294: gcc -o conftest -g -O2   conftest.c -lcrypt  >&5
configure:9294: $? = 0
configure:9294: ./conftest
configure:9294: $? = 0
configure:9309: result: yes
configure:9333: checking for CFPreferencesCopyAppValue
configure:9351: gcc -o conftest -g -O2   conftest.c -lcrypt  -Wl,-framework -Wl,CoreFoundation >&5
conftest.c:93:10: fatal error: CoreFoundation/CFPreferences.h: No such file or directory
 #include <CoreFoundation/CFPreferences.h>
          ^~~~~~~~~~~~~~~~~~~~~~~~~~~~~~~~
compilation terminated.
configure:9351: $? = 1
configure: failed program was:
| /* confdefs.h */
| #define PACKAGE_NAME "ccrypt"
| #define PACKAGE_TARNAME "ccrypt"
| #define PACKAGE_VERSION "1.11"
| #define PACKAGE_STRING "ccrypt 1.11"
| #define PACKAGE_BUGREPORT "selinger at users.sourceforge.net"
| #define PACKAGE_URL ""
| #define PACKAGE "ccrypt"
| #define VERSION "1.11"
| #define NAMECCRYPT "ccrypt"
| #define NAMEENCRYPT "ccencrypt"
| #define NAMEDECRYPT "ccdecrypt"
| #define NAMECAT "ccat"
| #define SUF ".cpt"
| #define STDC_HEADERS 1
| #define HAVE_SYS_TYPES_H 1
| #define HAVE_SYS_STAT_H 1
| #define HAVE_STDLIB_H 1
| #define HAVE_STRING_H 1
| #define HAVE_MEMORY_H 1
| #define HAVE_STRINGS_H 1
| #define HAVE_INTTYPES_H 1
| #define HAVE_STDINT_H 1
| #define HAVE_UNISTD_H 1
| #define __EXTENSIONS__ 1
| #define _ALL_SOURCE 1
| #define _GNU_SOURCE 1
| #define _POSIX_PTHREAD_SEMANTICS 1
| #define _TANDEM_SOURCE 1
| #define HAVE_LIBCRYPT 1
| #define HAVE_STDINT_H 1
| #define HAVE_CRYPT_H 1
| #define SIZEOF_UNSIGNED_INT 4
| #define SIZEOF_UNSIGNED_LONG 8
| #define UINT32_TYPE unsigned int
| #define GETTEXT_PACKAGE "ccrypt"
| #define HAVE_VISIBILITY 1
| #define HAVE_STDINT_H_WITH_UINTMAX 1
| #define HAVE_ALLOCA_H 1
| #define HAVE_ALLOCA 1
| #define HAVE_STDLIB_H 1
| #define HAVE_UNISTD_H 1
| #define HAVE_SYS_PARAM_H 1
| #define HAVE_GETPAGESIZE 1
| #define HAVE_MMAP 1
| #define INTDIV0_RAISES_SIGFPE 1
| #define HAVE_INTTYPES_H_WITH_UINTMAX 1
| #define HAVE_UNSIGNED_LONG_LONG_INT 1
| #define HAVE_UINTMAX_T 1
| #define HAVE_INTTYPES_H 1
| #define USE_POSIX_THREADS 1
| #define USE_POSIX_THREADS_WEAK 1
| #define HAVE_PTHREAD_RWLOCK 1
| #define HAVE_PTHREAD_MUTEX_RECURSIVE 1
| #define HAVE_ICONV 1
| #define ICONV_CONST 
| #define HAVE_BUILTIN_EXPECT 1
| #define HAVE_ARGZ_H 1
| #define HAVE_INTTYPES_H 1
| #define HAVE_LIMITS_H 1
| #define HAVE_UNISTD_H 1
| #define HAVE_SYS_PARAM_H 1
| #define HAVE_GETCWD 1
| #define HAVE_GETEGID 1
| #define HAVE_GETEUID 1
| #define HAVE_GETGID 1
| #define HAVE_GETUID 1
| #define HAVE_MEMPCPY 1
| #define HAVE_MUNMAP 1
| #define HAVE_STPCPY 1
| #define HAVE_STRCASECMP 1
| #define HAVE_STRDUP 1
| #define HAVE_STRTOUL 1
| #define HAVE_TSEARCH 1
| #define HAVE_USELOCALE 1
| #define HAVE_ARGZ_COUNT 1
| #define HAVE_ARGZ_STRINGIFY 1
| #define HAVE_ARGZ_NEXT 1
| #define HAVE___FSETLOCKING 1
| #define HAVE_DECL_FEOF_UNLOCKED 1
| #define HAVE_DECL_FGETS_UNLOCKED 1
| #define HAVE_LONG_LONG_INT 1
| #define HAVE_WCHAR_T 1
| #define HAVE_WINT_T 1
| #define HAVE_INTMAX_T 1
| #define HAVE_POSIX_PRINTF 1
| #define HAVE_STDINT_H 1
| #define HAVE_STDINT_H 1
| #define HAVE_SYMLINK 1
| #define HAVE_WORKING_O_NOATIME 1
| #define HAVE_WORKING_O_NOFOLLOW 1
| /* end confdefs.h.  */
| #include <CoreFoundation/CFPreferences.h>
| int
| main ()
| {
| CFPreferencesCopyAppValue(NULL, NULL)
|   ;
|   return 0;
| }
configure:9360: result: no
configure:9367: checking for CFLocaleCopyCurrent
configure:9385: gcc -o conftest -g -O2   conftest.c -lcrypt  -Wl,-framework -Wl,CoreFoundation >&5
conftest.c:93:10: fatal error: CoreFoundation/CFLocale.h: No such file or directory
 #include <CoreFoundation/CFLocale.h>
          ^~~~~~~~~~~~~~~~~~~~~~~~~~~
compilation terminated.
configure:9385: $? = 1
configure: failed program was:
| /* confdefs.h */
| #define PACKAGE_NAME "ccrypt"
| #define PACKAGE_TARNAME "ccrypt"
| #define PACKAGE_VERSION "1.11"
| #define PACKAGE_STRING "ccrypt 1.11"
| #define PACKAGE_BUGREPORT "selinger at users.sourceforge.net"
| #define PACKAGE_URL ""
| #define PACKAGE "ccrypt"
| #define VERSION "1.11"
| #define NAMECCRYPT "ccrypt"
| #define NAMEENCRYPT "ccencrypt"
| #define NAMEDECRYPT "ccdecrypt"
| #define NAMECAT "ccat"
| #define SUF ".cpt"
| #define STDC_HEADERS 1
| #define HAVE_SYS_TYPES_H 1
| #define HAVE_SYS_STAT_H 1
| #define HAVE_STDLIB_H 1
| #define HAVE_STRING_H 1
| #define HAVE_MEMORY_H 1
| #define HAVE_STRINGS_H 1
| #define HAVE_INTTYPES_H 1
| #define HAVE_STDINT_H 1
| #define HAVE_UNISTD_H 1
| #define __EXTENSIONS__ 1
| #define _ALL_SOURCE 1
| #define _GNU_SOURCE 1
| #define _POSIX_PTHREAD_SEMANTICS 1
| #define _TANDEM_SOURCE 1
| #define HAVE_LIBCRYPT 1
| #define HAVE_STDINT_H 1
| #define HAVE_CRYPT_H 1
| #define SIZEOF_UNSIGNED_INT 4
| #define SIZEOF_UNSIGNED_LONG 8
| #define UINT32_TYPE unsigned int
| #define GETTEXT_PACKAGE "ccrypt"
| #define HAVE_VISIBILITY 1
| #define HAVE_STDINT_H_WITH_UINTMAX 1
| #define HAVE_ALLOCA_H 1
| #define HAVE_ALLOCA 1
| #define HAVE_STDLIB_H 1
| #define HAVE_UNISTD_H 1
| #define HAVE_SYS_PARAM_H 1
| #define HAVE_GETPAGESIZE 1
| #define HAVE_MMAP 1
| #define INTDIV0_RAISES_SIGFPE 1
| #define HAVE_INTTYPES_H_WITH_UINTMAX 1
| #define HAVE_UNSIGNED_LONG_LONG_INT 1
| #define HAVE_UINTMAX_T 1
| #define HAVE_INTTYPES_H 1
| #define USE_POSIX_THREADS 1
| #define USE_POSIX_THREADS_WEAK 1
| #define HAVE_PTHREAD_RWLOCK 1
| #define HAVE_PTHREAD_MUTEX_RECURSIVE 1
| #define HAVE_ICONV 1
| #define ICONV_CONST 
| #define HAVE_BUILTIN_EXPECT 1
| #define HAVE_ARGZ_H 1
| #define HAVE_INTTYPES_H 1
| #define HAVE_LIMITS_H 1
| #define HAVE_UNISTD_H 1
| #define HAVE_SYS_PARAM_H 1
| #define HAVE_GETCWD 1
| #define HAVE_GETEGID 1
| #define HAVE_GETEUID 1
| #define HAVE_GETGID 1
| #define HAVE_GETUID 1
| #define HAVE_MEMPCPY 1
| #define HAVE_MUNMAP 1
| #define HAVE_STPCPY 1
| #define HAVE_STRCASECMP 1
| #define HAVE_STRDUP 1
| #define HAVE_STRTOUL 1
| #define HAVE_TSEARCH 1
| #define HAVE_USELOCALE 1
| #define HAVE_ARGZ_COUNT 1
| #define HAVE_ARGZ_STRINGIFY 1
| #define HAVE_ARGZ_NEXT 1
| #define HAVE___FSETLOCKING 1
| #define HAVE_DECL_FEOF_UNLOCKED 1
| #define HAVE_DECL_FGETS_UNLOCKED 1
| #define HAVE_LONG_LONG_INT 1
| #define HAVE_WCHAR_T 1
| #define HAVE_WINT_T 1
| #define HAVE_INTMAX_T 1
| #define HAVE_POSIX_PRINTF 1
| #define HAVE_STDINT_H 1
| #define HAVE_STDINT_H 1
| #define HAVE_SYMLINK 1
| #define HAVE_WORKING_O_NOATIME 1
| #define HAVE_WORKING_O_NOFOLLOW 1
| /* end confdefs.h.  */
| #include <CoreFoundation/CFLocale.h>
| int
| main ()
| {
| CFLocaleCopyCurrent();
|   ;
|   return 0;
| }
configure:9394: result: no
configure:9424: checking for ptrdiff_t
configure:9424: gcc -c -g -O2  conftest.c >&5
configure:9424: $? = 0
configure:9424: gcc -c -g -O2  conftest.c >&5
conftest.c: In function 'main':
conftest.c:129:24: error: expected expression before ')' token
 if (sizeof ((ptrdiff_t)))
                        ^
configure:9424: $? = 1
configure: failed program was:
| /* confdefs.h */
| #define PACKAGE_NAME "ccrypt"
| #define PACKAGE_TARNAME "ccrypt"
| #define PACKAGE_VERSION "1.11"
| #define PACKAGE_STRING "ccrypt 1.11"
| #define PACKAGE_BUGREPORT "selinger at users.sourceforge.net"
| #define PACKAGE_URL ""
| #define PACKAGE "ccrypt"
| #define VERSION "1.11"
| #define NAMECCRYPT "ccrypt"
| #define NAMEENCRYPT "ccencrypt"
| #define NAMEDECRYPT "ccdecrypt"
| #define NAMECAT "ccat"
| #define SUF ".cpt"
| #define STDC_HEADERS 1
| #define HAVE_SYS_TYPES_H 1
| #define HAVE_SYS_STAT_H 1
| #define HAVE_STDLIB_H 1
| #define HAVE_STRING_H 1
| #define HAVE_MEMORY_H 1
| #define HAVE_STRINGS_H 1
| #define HAVE_INTTYPES_H 1
| #define HAVE_STDINT_H 1
| #define HAVE_UNISTD_H 1
| #define __EXTENSIONS__ 1
| #define _ALL_SOURCE 1
| #define _GNU_SOURCE 1
| #define _POSIX_PTHREAD_SEMANTICS 1
| #define _TANDEM_SOURCE 1
| #define HAVE_LIBCRYPT 1
| #define HAVE_STDINT_H 1
| #define HAVE_CRYPT_H 1
| #define SIZEOF_UNSIGNED_INT 4
| #define SIZEOF_UNSIGNED_LONG 8
| #define UINT32_TYPE unsigned int
| #define GETTEXT_PACKAGE "ccrypt"
| #define HAVE_VISIBILITY 1
| #define HAVE_STDINT_H_WITH_UINTMAX 1
| #define HAVE_ALLOCA_H 1
| #define HAVE_ALLOCA 1
| #define HAVE_STDLIB_H 1
| #define HAVE_UNISTD_H 1
| #define HAVE_SYS_PARAM_H 1
| #define HAVE_GETPAGESIZE 1
| #define HAVE_MMAP 1
| #define INTDIV0_RAISES_SIGFPE 1
| #define HAVE_INTTYPES_H_WITH_UINTMAX 1
| #define HAVE_UNSIGNED_LONG_LONG_INT 1
| #define HAVE_UINTMAX_T 1
| #define HAVE_INTTYPES_H 1
| #define USE_POSIX_THREADS 1
| #define USE_POSIX_THREADS_WEAK 1
| #define HAVE_PTHREAD_RWLOCK 1
| #define HAVE_PTHREAD_MUTEX_RECURSIVE 1
| #define HAVE_ICONV 1
| #define ICONV_CONST 
| #define HAVE_BUILTIN_EXPECT 1
| #define HAVE_ARGZ_H 1
| #define HAVE_INTTYPES_H 1
| #define HAVE_LIMITS_H 1
| #define HAVE_UNISTD_H 1
| #define HAVE_SYS_PARAM_H 1
| #define HAVE_GETCWD 1
| #define HAVE_GETEGID 1
| #define HAVE_GETEUID 1
| #define HAVE_GETGID 1
| #define HAVE_GETUID 1
| #define HAVE_MEMPCPY 1
| #define HAVE_MUNMAP 1
| #define HAVE_STPCPY 1
| #define HAVE_STRCASECMP 1
| #define HAVE_STRDUP 1
| #define HAVE_STRTOUL 1
| #define HAVE_TSEARCH 1
| #define HAVE_USELOCALE 1
| #define HAVE_ARGZ_COUNT 1
| #define HAVE_ARGZ_STRINGIFY 1
| #define HAVE_ARGZ_NEXT 1
| #define HAVE___FSETLOCKING 1
| #define HAVE_DECL_FEOF_UNLOCKED 1
| #define HAVE_DECL_FGETS_UNLOCKED 1
| #define HAVE_LONG_LONG_INT 1
| #define HAVE_WCHAR_T 1
| #define HAVE_WINT_T 1
| #define HAVE_INTMAX_T 1
| #define HAVE_POSIX_PRINTF 1
| #define HAVE_STDINT_H 1
| #define HAVE_STDINT_H 1
| #define HAVE_SYMLINK 1
| #define HAVE_WORKING_O_NOATIME 1
| #define HAVE_WORKING_O_NOFOLLOW 1
| /* end confdefs.h.  */
| #include <stdio.h>
| #ifdef HAVE_SYS_TYPES_H
| # include <sys/types.h>
| #endif
| #ifdef HAVE_SYS_STAT_H
| # include <sys/stat.h>
| #endif
| #ifdef STDC_HEADERS
| # include <stdlib.h>
| # include <stddef.h>
| #else
| # ifdef HAVE_STDLIB_H
| #  include <stdlib.h>
| # endif
| #endif
| #ifdef HAVE_STRING_H
| # if !defined STDC_HEADERS && defined HAVE_MEMORY_H
| #  include <memory.h>
| # endif
| # include <string.h>
| #endif
| #ifdef HAVE_STRINGS_H
| # include <strings.h>
| #endif
| #ifdef HAVE_INTTYPES_H
| # include <inttypes.h>
| #endif
| #ifdef HAVE_STDINT_H
| # include <stdint.h>
| #endif
| #ifdef HAVE_UNISTD_H
| # include <unistd.h>
| #endif
| int
| main ()
| {
| if (sizeof ((ptrdiff_t)))
| 	    return 0;
|   ;
|   return 0;
| }
configure:9424: result: yes
configure:9437: checking features.h usability
configure:9437: gcc -c -g -O2  conftest.c >&5
configure:9437: $? = 0
configure:9437: result: yes
configure:9437: checking features.h presence
configure:9437: gcc -E  conftest.c
configure:9437: $? = 0
configure:9437: result: yes
configure:9437: checking for features.h
configure:9437: result: yes
configure:9437: checking stddef.h usability
configure:9437: gcc -c -g -O2  conftest.c >&5
configure:9437: $? = 0
configure:9437: result: yes
configure:9437: checking stddef.h presence
configure:9437: gcc -E  conftest.c
configure:9437: $? = 0
configure:9437: result: yes
configure:9437: checking for stddef.h
configure:9437: result: yes
configure:9437: checking for stdlib.h
configure:9437: result: yes
configure:9437: checking for string.h
configure:9437: result: yes
configure:9451: checking for asprintf
configure:9451: gcc -o conftest -g -O2   conftest.c -lcrypt  >&5
configure:9451: $? = 0
configure:9451: result: yes
configure:9451: checking for fwprintf
configure:9451: gcc -o conftest -g -O2   conftest.c -lcrypt  >&5
configure:9451: $? = 0
configure:9451: result: yes
configure:9451: checking for newlocale
configure:9451: gcc -o conftest -g -O2   conftest.c -lcrypt  >&5
configure:9451: $? = 0
configure:9451: result: yes
configure:9451: checking for putenv
configure:9451: gcc -o conftest -g -O2   conftest.c -lcrypt  >&5
configure:9451: $? = 0
configure:9451: result: yes
configure:9451: checking for setenv
configure:9451: gcc -o conftest -g -O2   conftest.c -lcrypt  >&5
configure:9451: $? = 0
configure:9451: result: yes
configure:9451: checking for setlocale
configure:9451: gcc -o conftest -g -O2   conftest.c -lcrypt  >&5
configure:9451: $? = 0
configure:9451: result: yes
configure:9451: checking for snprintf
configure:9451: gcc -o conftest -g -O2   conftest.c -lcrypt  >&5
conftest.c:126:6: warning: conflicting types for built-in function 'snprintf' [-Wbuiltin-declaration-mismatch]
 char snprintf ();
      ^~~~~~~~
configure:9451: $? = 0
configure:9451: result: yes
configure:9451: checking for strnlen
configure:9451: gcc -o conftest -g -O2   conftest.c -lcrypt  >&5
configure:9451: $? = 0
configure:9451: result: yes
configure:9451: checking for wcslen
configure:9451: gcc -o conftest -g -O2   conftest.c -lcrypt  >&5
configure:9451: $? = 0
configure:9451: result: yes
configure:9451: checking for wcsnlen
configure:9451: gcc -o conftest -g -O2   conftest.c -lcrypt  >&5
configure:9451: $? = 0
configure:9451: result: yes
configure:9451: checking for mbrtowc
configure:9451: gcc -o conftest -g -O2   conftest.c -lcrypt  >&5
configure:9451: $? = 0
configure:9451: result: yes
configure:9451: checking for wcrtomb
configure:9451: gcc -o conftest -g -O2   conftest.c -lcrypt  >&5
configure:9451: $? = 0
configure:9451: result: yes
configure:9461: checking whether _snprintf is declared
configure:9461: gcc -c -g -O2  conftest.c >&5
conftest.c: In function 'main':
conftest.c:118:10: error: '_snprintf' undeclared (first use in this function); did you mean 'vsnprintf'?
   (void) _snprintf;
          ^~~~~~~~~
          vsnprintf
conftest.c:118:10: note: each undeclared identifier is reported only once for each function it appears in
configure:9461: $? = 1
configure: failed program was:
| /* confdefs.h */
| #define PACKAGE_NAME "ccrypt"
| #define PACKAGE_TARNAME "ccrypt"
| #define PACKAGE_VERSION "1.11"
| #define PACKAGE_STRING "ccrypt 1.11"
| #define PACKAGE_BUGREPORT "selinger at users.sourceforge.net"
| #define PACKAGE_URL ""
| #define PACKAGE "ccrypt"
| #define VERSION "1.11"
| #define NAMECCRYPT "ccrypt"
| #define NAMEENCRYPT "ccencrypt"
| #define NAMEDECRYPT "ccdecrypt"
| #define NAMECAT "ccat"
| #define SUF ".cpt"
| #define STDC_HEADERS 1
| #define HAVE_SYS_TYPES_H 1
| #define HAVE_SYS_STAT_H 1
| #define HAVE_STDLIB_H 1
| #define HAVE_STRING_H 1
| #define HAVE_MEMORY_H 1
| #define HAVE_STRINGS_H 1
| #define HAVE_INTTYPES_H 1
| #define HAVE_STDINT_H 1
| #define HAVE_UNISTD_H 1
| #define __EXTENSIONS__ 1
| #define _ALL_SOURCE 1
| #define _GNU_SOURCE 1
| #define _POSIX_PTHREAD_SEMANTICS 1
| #define _TANDEM_SOURCE 1
| #define HAVE_LIBCRYPT 1
| #define HAVE_STDINT_H 1
| #define HAVE_CRYPT_H 1
| #define SIZEOF_UNSIGNED_INT 4
| #define SIZEOF_UNSIGNED_LONG 8
| #define UINT32_TYPE unsigned int
| #define GETTEXT_PACKAGE "ccrypt"
| #define HAVE_VISIBILITY 1
| #define HAVE_STDINT_H_WITH_UINTMAX 1
| #define HAVE_ALLOCA_H 1
| #define HAVE_ALLOCA 1
| #define HAVE_STDLIB_H 1
| #define HAVE_UNISTD_H 1
| #define HAVE_SYS_PARAM_H 1
| #define HAVE_GETPAGESIZE 1
| #define HAVE_MMAP 1
| #define INTDIV0_RAISES_SIGFPE 1
| #define HAVE_INTTYPES_H_WITH_UINTMAX 1
| #define HAVE_UNSIGNED_LONG_LONG_INT 1
| #define HAVE_UINTMAX_T 1
| #define HAVE_INTTYPES_H 1
| #define USE_POSIX_THREADS 1
| #define USE_POSIX_THREADS_WEAK 1
| #define HAVE_PTHREAD_RWLOCK 1
| #define HAVE_PTHREAD_MUTEX_RECURSIVE 1
| #define HAVE_ICONV 1
| #define ICONV_CONST 
| #define HAVE_BUILTIN_EXPECT 1
| #define HAVE_ARGZ_H 1
| #define HAVE_INTTYPES_H 1
| #define HAVE_LIMITS_H 1
| #define HAVE_UNISTD_H 1
| #define HAVE_SYS_PARAM_H 1
| #define HAVE_GETCWD 1
| #define HAVE_GETEGID 1
| #define HAVE_GETEUID 1
| #define HAVE_GETGID 1
| #define HAVE_GETUID 1
| #define HAVE_MEMPCPY 1
| #define HAVE_MUNMAP 1
| #define HAVE_STPCPY 1
| #define HAVE_STRCASECMP 1
| #define HAVE_STRDUP 1
| #define HAVE_STRTOUL 1
| #define HAVE_TSEARCH 1
| #define HAVE_USELOCALE 1
| #define HAVE_ARGZ_COUNT 1
| #define HAVE_ARGZ_STRINGIFY 1
| #define HAVE_ARGZ_NEXT 1
| #define HAVE___FSETLOCKING 1
| #define HAVE_DECL_FEOF_UNLOCKED 1
| #define HAVE_DECL_FGETS_UNLOCKED 1
| #define HAVE_LONG_LONG_INT 1
| #define HAVE_WCHAR_T 1
| #define HAVE_WINT_T 1
| #define HAVE_INTMAX_T 1
| #define HAVE_POSIX_PRINTF 1
| #define HAVE_STDINT_H 1
| #define HAVE_STDINT_H 1
| #define HAVE_SYMLINK 1
| #define HAVE_WORKING_O_NOATIME 1
| #define HAVE_WORKING_O_NOFOLLOW 1
| #define HAVE_FEATURES_H 1
| #define HAVE_STDDEF_H 1
| #define HAVE_STDLIB_H 1
| #define HAVE_STRING_H 1
| #define HAVE_ASPRINTF 1
| #define HAVE_FWPRINTF 1
| #define HAVE_NEWLOCALE 1
| #define HAVE_PUTENV 1
| #define HAVE_SETENV 1
| #define HAVE_SETLOCALE 1
| #define HAVE_SNPRINTF 1
| #define HAVE_STRNLEN 1
| #define HAVE_WCSLEN 1
| #define HAVE_WCSNLEN 1
| #define HAVE_MBRTOWC 1
| #define HAVE_WCRTOMB 1
| /* end confdefs.h.  */
| #include <stdio.h>
| 
| int
| main ()
| {
| #ifndef _snprintf
| #ifdef __cplusplus
|   (void) _snprintf;
| #else
|   (void) _snprintf;
| #endif
| #endif
| 
|   ;
|   return 0;
| }
configure:9461: result: no
configure:9472: checking whether _snwprintf is declared
configure:9472: gcc -c -g -O2  conftest.c >&5
conftest.c: In function 'main':
conftest.c:119:10: error: '_snwprintf' undeclared (first use in this function); did you mean 'vsnprintf'?
   (void) _snwprintf;
          ^~~~~~~~~~
          vsnprintf
conftest.c:119:10: note: each undeclared identifier is reported only once for each function it appears in
configure:9472: $? = 1
configure: failed program was:
| /* confdefs.h */
| #define PACKAGE_NAME "ccrypt"
| #define PACKAGE_TARNAME "ccrypt"
| #define PACKAGE_VERSION "1.11"
| #define PACKAGE_STRING "ccrypt 1.11"
| #define PACKAGE_BUGREPORT "selinger at users.sourceforge.net"
| #define PACKAGE_URL ""
| #define PACKAGE "ccrypt"
| #define VERSION "1.11"
| #define NAMECCRYPT "ccrypt"
| #define NAMEENCRYPT "ccencrypt"
| #define NAMEDECRYPT "ccdecrypt"
| #define NAMECAT "ccat"
| #define SUF ".cpt"
| #define STDC_HEADERS 1
| #define HAVE_SYS_TYPES_H 1
| #define HAVE_SYS_STAT_H 1
| #define HAVE_STDLIB_H 1
| #define HAVE_STRING_H 1
| #define HAVE_MEMORY_H 1
| #define HAVE_STRINGS_H 1
| #define HAVE_INTTYPES_H 1
| #define HAVE_STDINT_H 1
| #define HAVE_UNISTD_H 1
| #define __EXTENSIONS__ 1
| #define _ALL_SOURCE 1
| #define _GNU_SOURCE 1
| #define _POSIX_PTHREAD_SEMANTICS 1
| #define _TANDEM_SOURCE 1
| #define HAVE_LIBCRYPT 1
| #define HAVE_STDINT_H 1
| #define HAVE_CRYPT_H 1
| #define SIZEOF_UNSIGNED_INT 4
| #define SIZEOF_UNSIGNED_LONG 8
| #define UINT32_TYPE unsigned int
| #define GETTEXT_PACKAGE "ccrypt"
| #define HAVE_VISIBILITY 1
| #define HAVE_STDINT_H_WITH_UINTMAX 1
| #define HAVE_ALLOCA_H 1
| #define HAVE_ALLOCA 1
| #define HAVE_STDLIB_H 1
| #define HAVE_UNISTD_H 1
| #define HAVE_SYS_PARAM_H 1
| #define HAVE_GETPAGESIZE 1
| #define HAVE_MMAP 1
| #define INTDIV0_RAISES_SIGFPE 1
| #define HAVE_INTTYPES_H_WITH_UINTMAX 1
| #define HAVE_UNSIGNED_LONG_LONG_INT 1
| #define HAVE_UINTMAX_T 1
| #define HAVE_INTTYPES_H 1
| #define USE_POSIX_THREADS 1
| #define USE_POSIX_THREADS_WEAK 1
| #define HAVE_PTHREAD_RWLOCK 1
| #define HAVE_PTHREAD_MUTEX_RECURSIVE 1
| #define HAVE_ICONV 1
| #define ICONV_CONST 
| #define HAVE_BUILTIN_EXPECT 1
| #define HAVE_ARGZ_H 1
| #define HAVE_INTTYPES_H 1
| #define HAVE_LIMITS_H 1
| #define HAVE_UNISTD_H 1
| #define HAVE_SYS_PARAM_H 1
| #define HAVE_GETCWD 1
| #define HAVE_GETEGID 1
| #define HAVE_GETEUID 1
| #define HAVE_GETGID 1
| #define HAVE_GETUID 1
| #define HAVE_MEMPCPY 1
| #define HAVE_MUNMAP 1
| #define HAVE_STPCPY 1
| #define HAVE_STRCASECMP 1
| #define HAVE_STRDUP 1
| #define HAVE_STRTOUL 1
| #define HAVE_TSEARCH 1
| #define HAVE_USELOCALE 1
| #define HAVE_ARGZ_COUNT 1
| #define HAVE_ARGZ_STRINGIFY 1
| #define HAVE_ARGZ_NEXT 1
| #define HAVE___FSETLOCKING 1
| #define HAVE_DECL_FEOF_UNLOCKED 1
| #define HAVE_DECL_FGETS_UNLOCKED 1
| #define HAVE_LONG_LONG_INT 1
| #define HAVE_WCHAR_T 1
| #define HAVE_WINT_T 1
| #define HAVE_INTMAX_T 1
| #define HAVE_POSIX_PRINTF 1
| #define HAVE_STDINT_H 1
| #define HAVE_STDINT_H 1
| #define HAVE_SYMLINK 1
| #define HAVE_WORKING_O_NOATIME 1
| #define HAVE_WORKING_O_NOFOLLOW 1
| #define HAVE_FEATURES_H 1
| #define HAVE_STDDEF_H 1
| #define HAVE_STDLIB_H 1
| #define HAVE_STRING_H 1
| #define HAVE_ASPRINTF 1
| #define HAVE_FWPRINTF 1
| #define HAVE_NEWLOCALE 1
| #define HAVE_PUTENV 1
| #define HAVE_SETENV 1
| #define HAVE_SETLOCALE 1
| #define HAVE_SNPRINTF 1
| #define HAVE_STRNLEN 1
| #define HAVE_WCSLEN 1
| #define HAVE_WCSNLEN 1
| #define HAVE_MBRTOWC 1
| #define HAVE_WCRTOMB 1
| #define HAVE_DECL__SNPRINTF 0
| /* end confdefs.h.  */
| #include <stdio.h>
| 
| int
| main ()
| {
| #ifndef _snwprintf
| #ifdef __cplusplus
|   (void) _snwprintf;
| #else
|   (void) _snwprintf;
| #endif
| #endif
| 
|   ;
|   return 0;
| }
configure:9472: result: no
configure:9485: checking whether getc_unlocked is declared
configure:9485: gcc -c -g -O2  conftest.c >&5
configure:9485: $? = 0
configure:9485: result: yes
configure:9529: checking for nl_langinfo and CODESET
configure:9545: gcc -o conftest -g -O2   conftest.c -lcrypt  >&5
configure:9545: $? = 0
configure:9554: result: yes
configure:9563: checking for LC_MESSAGES
configure:9579: gcc -o conftest -g -O2   conftest.c -lcrypt  >&5
configure:9579: $? = 0
configure:9587: result: yes
configure:9739: checking for CFPreferencesCopyAppValue
configure:9766: result: no
configure:9773: checking for CFLocaleCopyCurrent
configure:9800: result: no
configure:9835: checking whether included gettext is requested
configure:9845: result: no
configure:9868: checking for GNU gettext in libc
configure:9897: gcc -o conftest -g -O2   conftest.c -lcrypt  >&5
configure:9897: $? = 0
configure:9906: result: yes
configure:10513: checking whether to use NLS
configure:10515: result: yes
configure:10518: checking where the gettext function comes from
configure:10529: result: libc
configure:10664: checking how to print strings
configure:10691: result: printf
configure:10712: checking for a sed that does not truncate output
configure:10776: result: /bin/sed
configure:10794: checking for fgrep
configure:10856: result: /bin/grep -F
configure:10891: checking for ld used by gcc
configure:10958: result: /usr/bin/ld
configure:10965: checking if the linker (/usr/bin/ld) is GNU ld
configure:10980: result: yes
configure:10992: checking for BSD- or MS-compatible name lister (nm)
configure:11046: result: /usr/bin/nm -B
configure:11176: checking the name lister (/usr/bin/nm -B) interface
configure:11183: gcc -c -g -O2  conftest.c >&5
configure:11186: /usr/bin/nm -B "conftest.o"
configure:11189: output
0000000000000000 B some_variable
configure:11196: result: BSD nm
configure:11199: checking whether ln -s works
configure:11203: result: yes
configure:11211: checking the maximum length of command line arguments
configure:11342: result: 1572864
configure:11390: checking how to convert x86_64-pc-linux-gnu file names to x86_64-pc-linux-gnu format
configure:11430: result: func_convert_file_noop
configure:11437: checking how to convert x86_64-pc-linux-gnu file names to toolchain format
configure:11457: result: func_convert_file_noop
configure:11464: checking for /usr/bin/ld option to reload object files
configure:11471: result: -r
configure:11545: checking for objdump
configure:11561: found /usr/bin/objdump
configure:11572: result: objdump
configure:11604: checking how to recognize dependent libraries
configure:11804: result: pass_all
configure:11889: checking for dlltool
configure:11919: result: no
configure:11949: checking how to associate runtime and link libraries
configure:11976: result: printf %s\n
configure:12036: checking for ar
configure:12052: found /usr/bin/ar
configure:12063: result: ar
configure:12100: checking for archiver @FILE support
configure:12117: gcc -c -g -O2  conftest.c >&5
configure:12117: $? = 0
configure:12120: ar cru libconftest.a @conftest.lst >&5
ar: `u' modifier ignored since `D' is the default (see `U')
configure:12123: $? = 0
configure:12128: ar cru libconftest.a @conftest.lst >&5
ar: `u' modifier ignored since `D' is the default (see `U')
ar: conftest.o: No such file or directory
configure:12131: $? = 1
configure:12143: result: @
configure:12201: checking for strip
configure:12217: found /usr/bin/strip
configure:12228: result: strip
configure:12300: checking for ranlib
configure:12327: result: ranlib
configure:12429: checking command to parse /usr/bin/nm -B output from gcc object
configure:12582: gcc -c -g -O2  conftest.c >&5
configure:12585: $? = 0
configure:12589: /usr/bin/nm -B conftest.o \| sed -n -e 's/^.*[ ]\([ABCDGIRSTW][ABCDGIRSTW]*\)[ ][ ]*\([_A-Za-z][_A-Za-z0-9]*\)$/\1 \2 \2/p' | sed '/ __gnu_lto/d' \> conftest.nm
configure:12592: $? = 0
configure:12658: gcc -o conftest -g -O2   conftest.c conftstm.o >&5
configure:12661: $? = 0
configure:12699: result: ok
configure:12746: checking for sysroot
configure:12776: result: no
configure:12783: checking for a working dd
configure:12821: result: /bin/dd
configure:12825: checking how to truncate binary pipes
configure:12840: result: /bin/dd bs=4096 count=1
configure:12976: gcc -c -g -O2  conftest.c >&5
configure:12979: $? = 0
configure:13169: checking for mt
configure:13185: found /bin/mt
configure:13196: result: mt
configure:13219: checking if mt is a manifest tool
configure:13225: mt '-?'
configure:13233: result: no
configure:13907: checking for dlfcn.h
configure:13907: gcc -c -g -O2  conftest.c >&5
configure:13907: $? = 0
configure:13907: result: yes
configure:14163: checking for objdir
configure:14178: result: .libs
configure:14442: checking if gcc supports -fno-rtti -fno-exceptions
configure:14460: gcc -c -g -O2  -fno-rtti -fno-exceptions conftest.c >&5
cc1: warning: command line option '-fno-rtti' is valid for C++/ObjC++ but not for C
configure:14464: $? = 0
configure:14477: result: no
configure:14835: checking for gcc option to produce PIC
configure:14842: result: -fPIC -DPIC
configure:14850: checking if gcc PIC flag -fPIC -DPIC works
configure:14868: gcc -c -g -O2  -fPIC -DPIC -DPIC conftest.c >&5
configure:14872: $? = 0
configure:14885: result: yes
configure:14914: checking if gcc static flag -static works
configure:14942: result: yes
configure:14957: checking if gcc supports -c -o file.o
configure:14978: gcc -c -g -O2  -o out/conftest2.o conftest.c >&5
configure:14982: $? = 0
configure:15004: result: yes
configure:15012: checking if gcc supports -c -o file.o
configure:15059: result: yes
configure:15092: checking whether the gcc linker (/usr/bin/ld -m elf_x86_64) supports shared libraries
configure:16355: result: yes
configure:16392: checking whether -lc should be explicitly linked in
configure:16400: gcc -c -g -O2  conftest.c >&5
configure:16403: $? = 0
configure:16418: gcc -shared  -fPIC -DPIC conftest.o  -v -Wl,-soname -Wl,conftest -o conftest 2\>\&1 \| /bin/grep  -lc  \>/dev/null 2\>\&1
configure:16421: $? = 0
configure:16435: result: no
configure:16595: checking dynamic linker characteristics
configure:17176: gcc -o conftest -g -O2   -Wl,-rpath -Wl,/foo conftest.c -lcrypt  >&5
configure:17176: $? = 0
configure:17425: result: GNU/Linux ld.so
configure:17547: checking how to hardcode library paths into programs
configure:17572: result: immediate
configure:18120: checking whether stripping libraries is possible
configure:18125: result: yes
configure:18160: checking if libtool supports shared libraries
configure:18162: result: yes
configure:18165: checking whether to build shared libraries
configure:18190: result: yes
configure:18193: checking whether to build static libraries
configure:18197: result: yes
configure:18357: checking that generated files are newer than configure
configure:18363: result: done
configure:18386: creating ./config.status

## ---------------------- ##
## Running config.status. ##
## ---------------------- ##

This file was extended by ccrypt config.status 1.11, which was
generated by GNU Autoconf 2.69.  Invocation command line was

  CONFIG_FILES    = 
  CONFIG_HEADERS  = 
  CONFIG_LINKS    = 
  CONFIG_COMMANDS = 
  $ ./config.status 

on kerouac

config.status:1261: creating doc/ccrypt.1
config.status:1261: creating doc/ccguess.1
config.status:1261: creating po/Makefile.in
config.status:1261: creating m4/Makefile
config.status:1261: creating intl/Makefile
config.status:1261: creating Makefile
config.status:1261: creating src/Makefile
config.status:1261: creating emacs/Makefile
config.status:1261: creating check/Makefile
config.status:1261: creating doc/Makefile
config.status:1261: creating config.h
config.status:1490: executing depfiles commands
config.status:1490: executing po-directories commands
config.status:1490: executing libtool commands

## ---------------- ##
## Cache variables. ##
## ---------------- ##

ac_cv_build=x86_64-pc-linux-gnu
ac_cv_c_compiler_gnu=yes
ac_cv_c_inline=inline
ac_cv_env_CC_set=
ac_cv_env_CC_value=
ac_cv_env_CFLAGS_set=
ac_cv_env_CFLAGS_value=
ac_cv_env_CPPFLAGS_set=
ac_cv_env_CPPFLAGS_value=
ac_cv_env_CPP_set=
ac_cv_env_CPP_value=
ac_cv_env_EMACSLOADPATH_set=
ac_cv_env_EMACSLOADPATH_value=
ac_cv_env_EMACS_set=
ac_cv_env_EMACS_value=
ac_cv_env_LDFLAGS_set=
ac_cv_env_LDFLAGS_value=
ac_cv_env_LIBS_set=
ac_cv_env_LIBS_value=
ac_cv_env_LT_SYS_LIBRARY_PATH_set=
ac_cv_env_LT_SYS_LIBRARY_PATH_value=
ac_cv_env_build_alias_set=
ac_cv_env_build_alias_value=
ac_cv_env_host_alias_set=
ac_cv_env_host_alias_value=
ac_cv_env_target_alias_set=
ac_cv_env_target_alias_value=
ac_cv_func___fsetlocking=yes
ac_cv_func_alloca_works=yes
ac_cv_func_argz_count=yes
ac_cv_func_argz_next=yes
ac_cv_func_argz_stringify=yes
ac_cv_func_asprintf=yes
ac_cv_func_fwprintf=yes
ac_cv_func_getcwd=yes
ac_cv_func_getegid=yes
ac_cv_func_geteuid=yes
ac_cv_func_getgid=yes
ac_cv_func_getlocalename_l=no
ac_cv_func_getopt_long=yes
ac_cv_func_getpagesize=yes
ac_cv_func_getuid=yes
ac_cv_func_mbrtowc=yes
ac_cv_func_mempcpy=yes
ac_cv_func_mmap_fixed_mapped=yes
ac_cv_func_munmap=yes
ac_cv_func_newlocale=yes
ac_cv_func_putenv=yes
ac_cv_func_setenv=yes
ac_cv_func_setlocale=yes
ac_cv_func_snprintf=yes
ac_cv_func_stpcpy=yes
ac_cv_func_strcasecmp=yes
ac_cv_func_strdup=yes
ac_cv_func_strnlen=yes
ac_cv_func_strtoul=yes
ac_cv_func_symlink=yes
ac_cv_func_tsearch=yes
ac_cv_func_uselocale=yes
ac_cv_func_wcrtomb=yes
ac_cv_func_wcslen=yes
ac_cv_func_wcsnlen=yes
ac_cv_gnu_library_2=yes
ac_cv_gnu_library_2_1=yes
ac_cv_have_decl__snprintf=no
ac_cv_have_decl__snwprintf=no
ac_cv_have_decl_feof_unlocked=yes
ac_cv_have_decl_fgets_unlocked=yes
ac_cv_have_decl_getc_unlocked=yes
ac_cv_header_argz_h=yes
ac_cv_header_crypt_h=yes
ac_cv_header_dlfcn_h=yes
ac_cv_header_features_h=yes
ac_cv_header_inttypes_h=yes
ac_cv_header_limits_h=yes
ac_cv_header_memory_h=yes
ac_cv_header_minix_config_h=no
ac_cv_header_pthread_h=yes
ac_cv_header_stdc=yes
ac_cv_header_stddef_h=yes
ac_cv_header_stdint_h=yes
ac_cv_header_stdlib_h=yes
ac_cv_header_string_h=yes
ac_cv_header_strings_h=yes
ac_cv_header_sys_param_h=yes
ac_cv_header_sys_stat_h=yes
ac_cv_header_sys_types_h=yes
ac_cv_header_unistd_h=yes
ac_cv_host=x86_64-pc-linux-gnu
ac_cv_lib_crypt_crypt=yes
ac_cv_lib_socket_gethostname=no
ac_cv_objext=o
ac_cv_path_EGREP='/bin/grep -E'
ac_cv_path_FGREP='/bin/grep -F'
ac_cv_path_GMSGFMT=/usr/bin/msgfmt
ac_cv_path_GREP=/bin/grep
ac_cv_path_MSGFMT=/usr/bin/msgfmt
ac_cv_path_MSGMERGE=/usr/bin/msgmerge
ac_cv_path_SED=/bin/sed
ac_cv_path_XGETTEXT=/usr/bin/xgettext
ac_cv_path_install='/usr/bin/install -c'
ac_cv_path_lt_DD=/bin/dd
ac_cv_path_mkdir=/bin/mkdir
ac_cv_prog_AWK=gawk
ac_cv_prog_CPP='gcc -E'
ac_cv_prog_EMACS=emacs
ac_cv_prog_INTLBISON=bison
ac_cv_prog_ac_ct_AR=ar
ac_cv_prog_ac_ct_CC=gcc
ac_cv_prog_ac_ct_MANIFEST_TOOL=mt
ac_cv_prog_ac_ct_OBJDUMP=objdump
ac_cv_prog_ac_ct_RANLIB=ranlib
ac_cv_prog_ac_ct_STRIP=strip
ac_cv_prog_cc_c89=
ac_cv_prog_cc_g=yes
ac_cv_prog_make_make_set=yes
ac_cv_safe_to_define___extensions__=yes
ac_cv_sizeof_unsigned_int=4
ac_cv_sizeof_unsigned_long=8
ac_cv_sys_file_offset_bits=no
ac_cv_sys_largefile_CC=no
ac_cv_type_long_long_int=yes
ac_cv_type_pthread_rwlock_t=yes
ac_cv_type_ptrdiff_t=yes
ac_cv_type_size_t=yes
ac_cv_type_unsigned_long_long_int=yes
ac_cv_working_alloca_h=yes
acl_cv_hardcode_direct=no
acl_cv_hardcode_libdir_flag_spec='${wl}-rpath ${wl}$libdir'
acl_cv_hardcode_libdir_separator=
acl_cv_hardcode_minus_L=no
acl_cv_libext=a
acl_cv_libname_spec='lib$name'
acl_cv_library_names_spec='$libname$shrext'
acl_cv_path_LD=/usr/bin/ld
acl_cv_prog_gnu_ld=yes
acl_cv_rpath=done
acl_cv_shlibext=so
acl_cv_wl=-Wl,
am_cv_CC_dependencies_compiler_type=gcc3
am_cv_func_iconv=yes
am_cv_func_iconv_works=yes
am_cv_langinfo_codeset=yes
am_cv_lib_iconv=no
am_cv_lispdir='${datadir}/emacs/site-lisp'
am_cv_make_support_nested_variables=yes
am_cv_prog_cc_c_o=yes
am_cv_proto_iconv='extern size_t iconv (iconv_t cd, char * *inbuf, size_t *inbytesleft, char * *outbuf, size_t *outbytesleft);'
am_cv_proto_iconv_arg1=
gl_cv_cc_vis_werror=yes
gl_cv_cc_visibility=yes
gl_cv_have_weak=yes
gl_cv_header_inttypes_h=yes
gl_cv_header_stdint_h=yes
gl_cv_header_working_fcntl_h=yes
gl_cv_size_max=yes
gt_cv_c_intmax_t=yes
gt_cv_c_wchar_t=yes
gt_cv_c_wint_t=yes
gt_cv_func_CFLocaleCopyCurrent=no
gt_cv_func_CFPreferencesCopyAppValue=no
gt_cv_func_gnugettext1_libc=yes
gt_cv_func_printf_posix=yes
gt_cv_int_divbyzero_sigfpe=yes
gt_cv_inttypes_pri_broken=no
gt_cv_val_LC_MESSAGES=yes
lt_cv_ar_at_file=@
lt_cv_archive_cmds_need_lc=no
lt_cv_deplibs_check_method=pass_all
lt_cv_file_magic_cmd='$MAGIC_CMD'
lt_cv_file_magic_test_file=
lt_cv_ld_reload_flag=-r
lt_cv_nm_interface='BSD nm'
lt_cv_objdir=.libs
lt_cv_path_LD=/usr/bin/ld
lt_cv_path_NM='/usr/bin/nm -B'
lt_cv_path_mainfest_tool=no
lt_cv_prog_compiler_c_o=yes
lt_cv_prog_compiler_pic='-fPIC -DPIC'
lt_cv_prog_compiler_pic_works=yes
lt_cv_prog_compiler_rtti_exceptions=no
lt_cv_prog_compiler_static_works=yes
lt_cv_prog_gnu_ld=yes
lt_cv_sharedlib_from_linklib_cmd='printf %s\n'
lt_cv_shlibpath_overrides_runpath=yes
lt_cv_sys_global_symbol_pipe='sed -n -e '\''s/^.*[	 ]\([ABCDGIRSTW][ABCDGIRSTW]*\)[	 ][	 ]*\([_A-Za-z][_A-Za-z0-9]*\)$/\1 \2 \2/p'\'' | sed '\''/ __gnu_lto/d'\'''
lt_cv_sys_global_symbol_to_c_name_address='sed -n -e '\''s/^: \(.*\) .*$/  {"\1", (void *) 0},/p'\'' -e '\''s/^[ABCDGIRSTW][ABCDGIRSTW]* .* \(.*\)$/  {"\1", (void *) \&\1},/p'\'''
lt_cv_sys_global_symbol_to_c_name_address_lib_prefix='sed -n -e '\''s/^: \(.*\) .*$/  {"\1", (void *) 0},/p'\'' -e '\''s/^[ABCDGIRSTW][ABCDGIRSTW]* .* \(lib.*\)$/  {"\1", (void *) \&\1},/p'\'' -e '\''s/^[ABCDGIRSTW][ABCDGIRSTW]* .* \(.*\)$/  {"lib\1", (void *) \&\1},/p'\'''
lt_cv_sys_global_symbol_to_cdecl='sed -n -e '\''s/^T .* \(.*\)$/extern int \1();/p'\'' -e '\''s/^[ABCDGIRSTW][ABCDGIRSTW]* .* \(.*\)$/extern char \1;/p'\'''
lt_cv_sys_global_symbol_to_import=
lt_cv_sys_max_cmd_len=1572864
lt_cv_to_host_file_cmd=func_convert_file_noop
lt_cv_to_tool_file_cmd=func_convert_file_noop
lt_cv_truncate_bin='/bin/dd bs=4096 count=1'
nls_cv_force_use_gnu_gettext=no
nls_cv_header_intl=
nls_cv_header_libgt=
nls_cv_use_gnu_gettext=no

## ----------------- ##
## Output variables. ##
## ----------------- ##

ACLOCAL='${SHELL} /home/cae/Projects/ccrypt-1.11/missing aclocal-1.15'
ALLOCA=''
AMDEPBACKSLASH='\'
AMDEP_FALSE='#'
AMDEP_TRUE=''
AMTAR='$${TAR-tar}'
AM_BACKSLASH='\'
AM_DEFAULT_V='$(AM_DEFAULT_VERBOSITY)'
AM_DEFAULT_VERBOSITY='1'
AM_V='$(V)'
AR='ar'
AUTOCONF='${SHELL} /home/cae/Projects/ccrypt-1.11/missing autoconf'
AUTOHEADER='${SHELL} /home/cae/Projects/ccrypt-1.11/missing autoheader'
AUTOMAKE='${SHELL} /home/cae/Projects/ccrypt-1.11/missing automake-1.15'
AWK='gawk'
BUILD_INCLUDED_LIBINTL='no'
CADD=''
CATOBJEXT='.gmo'
CC='gcc'
CCDEPMODE='depmode=gcc3'
CFLAGS='-g -O2'
CFLAG_VISIBILITY='-fvisibility=hidden'
CPP='gcc -E'
CPPFLAGS=''
CYGPATH_W='echo'
DATADIRNAME='share'
DATE='July 2018'
DEFS='-DHAVE_CONFIG_H'
DEPDIR='.deps'
DLLTOOL='false'
DSYMUTIL=''
DUMPBIN=''
ECHO_C=''
ECHO_N='-n'
ECHO_T=''
EGREP='/bin/grep -E'
EMACS='emacs'
EMACSLOADPATH=''
EXEEXT=''
EXTRA_INCLUDES=''
EXTRA_OBJS=''
FGREP='/bin/grep -F'
GENCAT='gencat'
GETTEXT_MACRO_VERSION='0.19'
GETTEXT_PACKAGE='ccrypt'
GLIBC21='yes'
GLIBC2='yes'
GMSGFMT='/usr/bin/msgfmt'
GMSGFMT_015='/usr/bin/msgfmt'
GREP='/bin/grep'
HAVE_ASPRINTF='1'
HAVE_NEWLOCALE='1'
HAVE_POSIX_PRINTF='1'
HAVE_SNPRINTF='1'
HAVE_VISIBILITY='1'
HAVE_WPRINTF='0'
INSTALL_DATA='${INSTALL} -m 644'
INSTALL_PROGRAM='${INSTALL}'
INSTALL_SCRIPT='${INSTALL}'
INSTALL_STRIP_PROGRAM='$(install_sh) -c -s'
INSTOBJEXT='.mo'
INTLBISON='bison'
INTLLIBS=''
INTLOBJS=''
INTL_DEFAULT_VERBOSITY='1'
INTL_LIBTOOL_SUFFIX_PREFIX=''
INTL_MACOSX_LIBS=''
LD='/usr/bin/ld -m elf_x86_64'
LDFLAGS=''
LIBICONV=''
LIBINTL=''
LIBMULTITHREAD='-pthread'
LIBOBJS=''
LIBPTH=''
LIBPTH_PREFIX=''
LIBS='-lcrypt '
LIBTHREAD=''
LIBTOOL='$(SHELL) $(top_builddir)/libtool'
LIPO=''
LN_S='ln -s'
LTLIBC='-lc'
LTLIBICONV=''
LTLIBINTL=''
LTLIBMULTITHREAD='-pthread'
LTLIBOBJS=''
LTLIBPTH=''
LTLIBTHREAD=''
LT_SYS_LIBRARY_PATH=''
MAKEINFO='${SHELL} /home/cae/Projects/ccrypt-1.11/missing makeinfo'
MANIFEST_TOOL=':'
MKDIR_P='/bin/mkdir -p'
MSGFMT='/usr/bin/msgfmt'
MSGFMT_015='/usr/bin/msgfmt'
MSGMERGE='/usr/bin/msgmerge'
NAMECAT='ccat'
NAMECCRYPT='ccrypt'
NAMEDECRYPT='ccdecrypt'
NAMEENCRYPT='ccencrypt'
NAMEUC='CCRYPT'
NM='/usr/bin/nm -B'
NMEDIT=''
OBJDUMP='objdump'
OBJEXT='o'
OTOOL64=''
OTOOL=''
PACKAGE='ccrypt'
PACKAGE_BUGREPORT='selinger at users.sourceforge.net'
PACKAGE_NAME='ccrypt'
PACKAGE_STRING='ccrypt 1.11'
PACKAGE_TARNAME='ccrypt'
PACKAGE_URL=''
PACKAGE_VERSION='1.11'
PATH_SEPARATOR=':'
POSUB='po'
PRI_MACROS_BROKEN='0'
RANLIB='ranlib'
SED='/bin/sed'
SET_MAKE=''
SHELL='/bin/bash'
STRIP='strip'
SUF='.cpt'
TAR='tar'
USE_INCLUDED_LIBINTL='no'
USE_NLS='yes'
VERSION='1.11'
WINDRES=''
WOE32='no'
WOE32DLL='no'
XGETTEXT='/usr/bin/xgettext'
XGETTEXT_015='/usr/bin/xgettext'
XGETTEXT_EXTRA_OPTIONS=''
ac_ct_AR='ar'
ac_ct_CC='gcc'
ac_ct_DUMPBIN=''
am__EXEEXT_FALSE=''
am__EXEEXT_TRUE='#'
am__fastdepCC_FALSE='#'
am__fastdepCC_TRUE=''
am__include='include'
am__isrc=''
am__leading_dot='.'
am__nodep='_no'
am__quote=''
am__tar='$${TAR-tar} chof - "$$tardir"'
am__untar='$${TAR-tar} xf -'
bindir='${exec_prefix}/bin'
build='x86_64-pc-linux-gnu'
build_alias=''
build_cpu='x86_64'
build_os='linux-gnu'
build_vendor='pc'
datadir='${datarootdir}'
datarootdir='${prefix}/share'
docdir='${datarootdir}/doc/${PACKAGE_TARNAME}'
dvidir='${docdir}'
exec_prefix='${prefix}'
host='x86_64-pc-linux-gnu'
host_alias=''
host_cpu='x86_64'
host_os='linux-gnu'
host_vendor='pc'
htmldir='${docdir}'
includedir='${prefix}/include'
infodir='${datarootdir}/info'
install_sh='${SHELL} /home/cae/Projects/ccrypt-1.11/install-sh'
libdir='${exec_prefix}/lib'
libexecdir='${exec_prefix}/libexec'
lispdir='${datadir}/emacs/site-lisp'
localedir='${datarootdir}/locale'
localstatedir='${prefix}/var'
mandir='${datarootdir}/man'
mkdir_p='$(MKDIR_P)'
oldincludedir='/usr/include'
pdfdir='${docdir}'
prefix='/usr/local'
program_transform_name='s,x,x,'
psdir='${docdir}'
runstatedir='${localstatedir}/run'
sbindir='${exec_prefix}/sbin'
sharedstatedir='${prefix}/com'
sysconfdir='${prefix}/etc'
target_alias=''

## ----------- ##
## confdefs.h. ##
## ----------- ##

/* confdefs.h */
#define PACKAGE_NAME "ccrypt"
#define PACKAGE_TARNAME "ccrypt"
#define PACKAGE_VERSION "1.11"
#define PACKAGE_STRING "ccrypt 1.11"
#define PACKAGE_BUGREPORT "selinger at users.sourceforge.net"
#define PACKAGE_URL ""
#define PACKAGE "ccrypt"
#define VERSION "1.11"
#define NAMECCRYPT "ccrypt"
#define NAMEENCRYPT "ccencrypt"
#define NAMEDECRYPT "ccdecrypt"
#define NAMECAT "ccat"
#define SUF ".cpt"
#define STDC_HEADERS 1
#define HAVE_SYS_TYPES_H 1
#define HAVE_SYS_STAT_H 1
#define HAVE_STDLIB_H 1
#define HAVE_STRING_H 1
#define HAVE_MEMORY_H 1
#define HAVE_STRINGS_H 1
#define HAVE_INTTYPES_H 1
#define HAVE_STDINT_H 1
#define HAVE_UNISTD_H 1
#define __EXTENSIONS__ 1
#define _ALL_SOURCE 1
#define _GNU_SOURCE 1
#define _POSIX_PTHREAD_SEMANTICS 1
#define _TANDEM_SOURCE 1
#define HAVE_LIBCRYPT 1
#define HAVE_STDINT_H 1
#define HAVE_CRYPT_H 1
#define SIZEOF_UNSIGNED_INT 4
#define SIZEOF_UNSIGNED_LONG 8
#define UINT32_TYPE unsigned int
#define GETTEXT_PACKAGE "ccrypt"
#define HAVE_VISIBILITY 1
#define HAVE_STDINT_H_WITH_UINTMAX 1
#define HAVE_ALLOCA_H 1
#define HAVE_ALLOCA 1
#define HAVE_STDLIB_H 1
#define HAVE_UNISTD_H 1
#define HAVE_SYS_PARAM_H 1
#define HAVE_GETPAGESIZE 1
#define HAVE_MMAP 1
#define INTDIV0_RAISES_SIGFPE 1
#define HAVE_INTTYPES_H_WITH_UINTMAX 1
#define HAVE_UNSIGNED_LONG_LONG_INT 1
#define HAVE_UINTMAX_T 1
#define HAVE_INTTYPES_H 1
#define USE_POSIX_THREADS 1
#define USE_POSIX_THREADS_WEAK 1
#define HAVE_PTHREAD_RWLOCK 1
#define HAVE_PTHREAD_MUTEX_RECURSIVE 1
#define HAVE_ICONV 1
#define ICONV_CONST 
#define HAVE_BUILTIN_EXPECT 1
#define HAVE_ARGZ_H 1
#define HAVE_INTTYPES_H 1
#define HAVE_LIMITS_H 1
#define HAVE_UNISTD_H 1
#define HAVE_SYS_PARAM_H 1
#define HAVE_GETCWD 1
#define HAVE_GETEGID 1
#define HAVE_GETEUID 1
#define HAVE_GETGID 1
#define HAVE_GETUID 1
#define HAVE_MEMPCPY 1
#define HAVE_MUNMAP 1
#define HAVE_STPCPY 1
#define HAVE_STRCASECMP 1
#define HAVE_STRDUP 1
#define HAVE_STRTOUL 1
#define HAVE_TSEARCH 1
#define HAVE_USELOCALE 1
#define HAVE_ARGZ_COUNT 1
#define HAVE_ARGZ_STRINGIFY 1
#define HAVE_ARGZ_NEXT 1
#define HAVE___FSETLOCKING 1
#define HAVE_DECL_FEOF_UNLOCKED 1
#define HAVE_DECL_FGETS_UNLOCKED 1
#define HAVE_LONG_LONG_INT 1
#define HAVE_WCHAR_T 1
#define HAVE_WINT_T 1
#define HAVE_INTMAX_T 1
#define HAVE_POSIX_PRINTF 1
#define HAVE_STDINT_H 1
#define HAVE_STDINT_H 1
#define HAVE_SYMLINK 1
#define HAVE_WORKING_O_NOATIME 1
#define HAVE_WORKING_O_NOFOLLOW 1
#define HAVE_FEATURES_H 1
#define HAVE_STDDEF_H 1
#define HAVE_STDLIB_H 1
#define HAVE_STRING_H 1
#define HAVE_ASPRINTF 1
#define HAVE_FWPRINTF 1
#define HAVE_NEWLOCALE 1
#define HAVE_PUTENV 1
#define HAVE_SETENV 1
#define HAVE_SETLOCALE 1
#define HAVE_SNPRINTF 1
#define HAVE_STRNLEN 1
#define HAVE_WCSLEN 1
#define HAVE_WCSNLEN 1
#define HAVE_MBRTOWC 1
#define HAVE_WCRTOMB 1
#define HAVE_DECL__SNPRINTF 0
#define HAVE_DECL__SNWPRINTF 0
#define HAVE_DECL_GETC_UNLOCKED 1
#define HAVE_LANGINFO_CODESET 1
#define HAVE_LC_MESSAGES 1
#define ENABLE_NLS 1
#define HAVE_GETTEXT 1
#define HAVE_DCGETTEXT 1
#define HAVE_DLFCN_H 1
#define LT_OBJDIR ".libs/"

configure: exit 0
